<?xml version="1.0" encoding="UTF-8"?>
<testsuite name="IntegrationTest" tests="4" skipped="0" failures="4" errors="0" timestamp="2020-02-29T09:45:10" hostname="Sowmya-iMac.local" time="2.339">
  <properties/>
  <testcase name="testInServerThroughApp" classname="IntegrationTest" time="0.815">
    <failure message="java.lang.AssertionError: &#10;Expected: a string containing &quot;Add Person&quot;&#10;     but: was &quot;&lt;!DOCTYPE html&gt;&#10;&lt;html lang=&quot;en&quot;&gt;&#10;    &lt;head&gt;&#10;        &lt;title&gt;Action Not Found&lt;/title&gt;&#10;        &lt;link rel=&quot;shortcut icon&quot; href=&quot;data:image/png;base64,iVBORw0KGgoAAAANSUhEUgAAABAAAAAQCAYAAAAf8/9hAAAAGXRFWHRTb2Z0d2FyZQBBZG9iZSBJbWFnZVJlYWR5ccllPAAAAlFJREFUeNqUU8tOFEEUPVVdNV3dPe8xYRBnjGhmBgKjKzCIiQvBoIaNbly5Z+PSv3Aj7DSiP2B0rwkLGVdGgxITSCRIJGSMEQWZR3eVt5sEFBgTb/dN1yvnnHtPNTPG4PqdHgCMXnPRSZrpSuH8vUJu4DE4rYHDGAZDX62BZttHqTiIayM3gGiXQsgYLEvATaqxU+dy1U13YXapXptpNHY8iwn8KyIAzm1KBdtRZWErpI5lEWTXp5Z/vHpZ3/wyKKwYGGOdAYwR0EZwoezTYApBEIObyELl/aE1/83cp40Pt5mxqCKrE4Ck+mVWKKcI5tA8BLEhRBKJLjez6a7MLq7XZtp+yyOawwCBtkiBVZDKzRk4NN7NQBMYPHiZDFhXY+p9ff7F961vVcnl4R5I2ykJ5XFN7Ab7Gc61VoipNBKF+PDyztu5lfrSLT/wIwCxq0CAGtXHZTzqR2jtwQiXONma6hHpj9sLT7YaPxfTXuZdBGA02Wi7FS48YiTfj+i2NhqtdhP5RC8mh2/Op7y0v6eAcWVLFT8D7kWX5S9mepp+C450MV6aWL1cGnvkxbwHtLW2B9AOkLeUd9KEDuh9fl/7CEj7YH5g+3r/lWfF9In7tPz6T4IIwBJOr1SJyIGQMZQbsh5P9uBq5VJtqHh2mo49pdw5WFoEwKWqWHacaWOjQXWGcifKo6vj5RGS6zykI587XeUIQDqJSmAp+lE4qt19W5P9o8+Lma5DcjsC8JiT607lMVkdqQ0Vyh3lHhmh52tfNy78ajXv0rgYzv8nfwswANuk+7sD/Q0aAAAAAElFTkSuQmCC&quot;&gt;&#10;        &lt;style&gt;&#10;            html, body, pre {&#10;                margin: 0;&#10;                padding: 0;&#10;                font-family: Monaco, 'Lucida Console', monospace;&#10;                background: #ECECEC;&#10;            }&#10;            h1 {&#10;                margin: 0;&#10;                background: #AD632A;&#10;                padding: 20px 45px;&#10;                color: #fff;&#10;                text-shadow: 1px 1px 1px rgba(0,0,0,.3);&#10;                border-bottom: 1px solid #9F5805;&#10;                font-size: 28px;&#10;            }&#10;            p#detail {&#10;                margin: 0;&#10;                padding: 15px 45px;&#10;                background: #F6A960;&#10;                border-top: 4px solid #D29052;&#10;                color: #733512;&#10;                text-shadow: 1px 1px 1px rgba(255,255,255,.3);&#10;                font-size: 14px;&#10;                border-bottom: 1px solid #BA7F5B;&#10;            }&#10;            h2 {&#10;                margin: 0;&#10;                padding: 5px 45px;&#10;                font-size: 12px;&#10;                background: #333;&#10;                color: #fff;&#10;                text-shadow: 1px 1px 1px rgba(0,0,0,.3);&#10;                border-top: 4px solid #2a2a2a;&#10;            }&#10;            pre {&#10;                margin: 0;&#10;                border-bottom: 1px solid #DDD;&#10;                text-shadow: 1px 1px 1px rgba(255,255,255,.5);&#10;                position: relative;&#10;                font-size: 12px;&#10;            }&#10;            pre span.line {&#10;                text-align: right;&#10;                display: inline-block;&#10;                padding: 5px 5px;&#10;                width: 30px;&#10;                background: #D6D6D6;&#10;                color: #8B8B8B;&#10;                text-shadow: 1px 1px 1px rgba(255,255,255,.5);&#10;                font-weight: bold;&#10;            }&#10;            pre span.route {&#10;                padding: 5px 5px;&#10;                position: absolute;&#10;                right: 0;&#10;                left: 40px;&#10;            }&#10;            pre span.route span.verb {&#10;                display: inline-block;&#10;                width: 5%;&#10;                min-width: 50px;&#10;                overflow: hidden;&#10;                margin-right: 10px;&#10;            }&#10;            pre span.route span.path {&#10;                display: inline-block;&#10;                width: 30%;&#10;                min-width: 200px;&#10;                overflow: hidden;&#10;                margin-right: 10px;&#10;            }&#10;            pre span.route span.call {&#10;                display: inline-block;&#10;                width: 50%;&#10;                overflow: hidden;&#10;                margin-right: 10px;&#10;            }&#10;            pre:first-child span.route {&#10;                border-top: 4px solid #CDCDCD;&#10;            }&#10;            pre:first-child span.line {&#10;                border-top: 4px solid #B6B6B6;&#10;            }&#10;            pre.error span.line {&#10;                background: #A31012;&#10;                color: #fff;&#10;                text-shadow: 1px 1px 1px rgba(0,0,0,.3);&#10;            }&#10;        &lt;/style&gt;&#10;    &lt;/head&gt;&#10;    &lt;body&gt;&#10;        &lt;h1&gt;Action Not Found&lt;/h1&gt;&#10;&#10;        &lt;p id=&quot;detail&quot;&gt;&#10;            For request 'GET /'&#10;        &lt;/p&gt;&#10;&#10;        &#10;&#10;                &lt;h2&gt;&#10;                    These routes have been tried, in this order:&#10;                &lt;/h2&gt;&#10;&#10;                &lt;div&gt;&#10;                    &#10;                        &lt;pre&gt;&lt;span class=&quot;line&quot;&gt;1&lt;/span&gt;&lt;span class=&quot;route&quot;&gt;&lt;span class=&quot;verb&quot;&gt;POST&lt;/span&gt;&lt;span class=&quot;path&quot;&gt;/person&lt;/span&gt;&lt;span class=&quot;call&quot;&gt;controllers.PersonController.addPerson()&lt;/span&gt;&lt;/span&gt;&lt;/pre&gt;&#10;                    &#10;                        &lt;pre&gt;&lt;span class=&quot;line&quot;&gt;2&lt;/span&gt;&lt;span class=&quot;route&quot;&gt;&lt;span class=&quot;verb&quot;&gt;GET&lt;/span&gt;&lt;span class=&quot;path&quot;&gt;/persons&lt;/span&gt;&lt;span class=&quot;call&quot;&gt;controllers.PersonController.getPersons()&lt;/span&gt;&lt;/span&gt;&lt;/pre&gt;&#10;                    &#10;                        &lt;pre&gt;&lt;span class=&quot;line&quot;&gt;3&lt;/span&gt;&lt;span class=&quot;route&quot;&gt;&lt;span class=&quot;verb&quot;&gt;POST&lt;/span&gt;&lt;span class=&quot;path&quot;&gt;/login&lt;/span&gt;&lt;span class=&quot;call&quot;&gt;controllers.PersonController.login()&lt;/span&gt;&lt;/span&gt;&lt;/pre&gt;&#10;                    &#10;                        &lt;pre&gt;&lt;span class=&quot;line&quot;&gt;4&lt;/span&gt;&lt;span class=&quot;route&quot;&gt;&lt;span class=&quot;verb&quot;&gt;DELETE&lt;/span&gt;&lt;span class=&quot;path&quot;&gt;/delperson&lt;/span&gt;&lt;span class=&quot;call&quot;&gt;controllers.PersonController.deletePerson()&lt;/span&gt;&lt;/span&gt;&lt;/pre&gt;&#10;                    &#10;                        &lt;pre&gt;&lt;span class=&quot;line&quot;&gt;5&lt;/span&gt;&lt;span class=&quot;route&quot;&gt;&lt;span class=&quot;verb&quot;&gt;POST&lt;/span&gt;&lt;span class=&quot;path&quot;&gt;/action&lt;/span&gt;&lt;span class=&quot;call&quot;&gt;controllers.ActionController.addAction()&lt;/span&gt;&lt;/span&gt;&lt;/pre&gt;&#10;                    &#10;                        &lt;pre&gt;&lt;span class=&quot;line&quot;&gt;6&lt;/span&gt;&lt;span class=&quot;route&quot;&gt;&lt;span class=&quot;verb&quot;&gt;GET&lt;/span&gt;&lt;span class=&quot;path&quot;&gt;/actionprofile/$email&amp;lt;[^/]+&amp;gt;&lt;/span&gt;&lt;span class=&quot;call&quot;&gt;controllers.ActionController.getUserAction(email:String)&lt;/span&gt;&lt;/span&gt;&lt;/pre&gt;&#10;                    &#10;                        &lt;pre&gt;&lt;span class=&quot;line&quot;&gt;7&lt;/span&gt;&lt;span class=&quot;route&quot;&gt;&lt;span class=&quot;verb&quot;&gt;GET&lt;/span&gt;&lt;span class=&quot;path&quot;&gt;/actions&lt;/span&gt;&lt;span class=&quot;call&quot;&gt;controllers.ActionController.getActions()&lt;/span&gt;&lt;/span&gt;&lt;/pre&gt;&#10;                    &#10;                        &lt;pre&gt;&lt;span class=&quot;line&quot;&gt;8&lt;/span&gt;&lt;span class=&quot;route&quot;&gt;&lt;span class=&quot;verb&quot;&gt;GET&lt;/span&gt;&lt;span class=&quot;path&quot;&gt;/actionsf/$filter&amp;lt;[^/]+&amp;gt;&lt;/span&gt;&lt;span class=&quot;call&quot;&gt;controllers.ActionController.getActionsFilter(filter:String)&lt;/span&gt;&lt;/span&gt;&lt;/pre&gt;&#10;                    &#10;                        &lt;pre&gt;&lt;span class=&quot;line&quot;&gt;9&lt;/span&gt;&lt;span class=&quot;route&quot;&gt;&lt;span class=&quot;verb&quot;&gt;DELETE&lt;/span&gt;&lt;span class=&quot;path&quot;&gt;/delaction&lt;/span&gt;&lt;span class=&quot;call&quot;&gt;controllers.ActionController.deleteAction()&lt;/span&gt;&lt;/span&gt;&lt;/pre&gt;&#10;                    &#10;                        &lt;pre&gt;&lt;span class=&quot;line&quot;&gt;10&lt;/span&gt;&lt;span class=&quot;route&quot;&gt;&lt;span class=&quot;verb&quot;&gt;GET&lt;/span&gt;&lt;span class=&quot;path&quot;&gt;/assets/$file&amp;lt;.+&amp;gt;&lt;/span&gt;&lt;span class=&quot;call&quot;&gt;controllers.Assets.at(path:String = &amp;quot;/public&amp;quot;, file:String)&lt;/span&gt;&lt;/span&gt;&lt;/pre&gt;&#10;                    &#10;                &lt;/div&gt;&#10;&#10;            &#10;&#10;    &lt;/body&gt;&#10;&lt;/html&gt;&#10;&quot;" type="java.lang.AssertionError">java.lang.AssertionError: 
Expected: a string containing &quot;Add Person&quot;
     but: was &quot;&lt;!DOCTYPE html&gt;
&lt;html lang=&quot;en&quot;&gt;
    &lt;head&gt;
        &lt;title&gt;Action Not Found&lt;/title&gt;
        &lt;link rel=&quot;shortcut icon&quot; href=&quot;data:image/png;base64,iVBORw0KGgoAAAANSUhEUgAAABAAAAAQCAYAAAAf8/9hAAAAGXRFWHRTb2Z0d2FyZQBBZG9iZSBJbWFnZVJlYWR5ccllPAAAAlFJREFUeNqUU8tOFEEUPVVdNV3dPe8xYRBnjGhmBgKjKzCIiQvBoIaNbly5Z+PSv3Aj7DSiP2B0rwkLGVdGgxITSCRIJGSMEQWZR3eVt5sEFBgTb/dN1yvnnHtPNTPG4PqdHgCMXnPRSZrpSuH8vUJu4DE4rYHDGAZDX62BZttHqTiIayM3gGiXQsgYLEvATaqxU+dy1U13YXapXptpNHY8iwn8KyIAzm1KBdtRZWErpI5lEWTXp5Z/vHpZ3/wyKKwYGGOdAYwR0EZwoezTYApBEIObyELl/aE1/83cp40Pt5mxqCKrE4Ck+mVWKKcI5tA8BLEhRBKJLjez6a7MLq7XZtp+yyOawwCBtkiBVZDKzRk4NN7NQBMYPHiZDFhXY+p9ff7F961vVcnl4R5I2ykJ5XFN7Ab7Gc61VoipNBKF+PDyztu5lfrSLT/wIwCxq0CAGtXHZTzqR2jtwQiXONma6hHpj9sLT7YaPxfTXuZdBGA02Wi7FS48YiTfj+i2NhqtdhP5RC8mh2/Op7y0v6eAcWVLFT8D7kWX5S9mepp+C450MV6aWL1cGnvkxbwHtLW2B9AOkLeUd9KEDuh9fl/7CEj7YH5g+3r/lWfF9In7tPz6T4IIwBJOr1SJyIGQMZQbsh5P9uBq5VJtqHh2mo49pdw5WFoEwKWqWHacaWOjQXWGcifKo6vj5RGS6zykI587XeUIQDqJSmAp+lE4qt19W5P9o8+Lma5DcjsC8JiT607lMVkdqQ0Vyh3lHhmh52tfNy78ajXv0rgYzv8nfwswANuk+7sD/Q0aAAAAAElFTkSuQmCC&quot;&gt;
        &lt;style&gt;
            html, body, pre {
                margin: 0;
                padding: 0;
                font-family: Monaco, 'Lucida Console', monospace;
                background: #ECECEC;
            }
            h1 {
                margin: 0;
                background: #AD632A;
                padding: 20px 45px;
                color: #fff;
                text-shadow: 1px 1px 1px rgba(0,0,0,.3);
                border-bottom: 1px solid #9F5805;
                font-size: 28px;
            }
            p#detail {
                margin: 0;
                padding: 15px 45px;
                background: #F6A960;
                border-top: 4px solid #D29052;
                color: #733512;
                text-shadow: 1px 1px 1px rgba(255,255,255,.3);
                font-size: 14px;
                border-bottom: 1px solid #BA7F5B;
            }
            h2 {
                margin: 0;
                padding: 5px 45px;
                font-size: 12px;
                background: #333;
                color: #fff;
                text-shadow: 1px 1px 1px rgba(0,0,0,.3);
                border-top: 4px solid #2a2a2a;
            }
            pre {
                margin: 0;
                border-bottom: 1px solid #DDD;
                text-shadow: 1px 1px 1px rgba(255,255,255,.5);
                position: relative;
                font-size: 12px;
            }
            pre span.line {
                text-align: right;
                display: inline-block;
                padding: 5px 5px;
                width: 30px;
                background: #D6D6D6;
                color: #8B8B8B;
                text-shadow: 1px 1px 1px rgba(255,255,255,.5);
                font-weight: bold;
            }
            pre span.route {
                padding: 5px 5px;
                position: absolute;
                right: 0;
                left: 40px;
            }
            pre span.route span.verb {
                display: inline-block;
                width: 5%;
                min-width: 50px;
                overflow: hidden;
                margin-right: 10px;
            }
            pre span.route span.path {
                display: inline-block;
                width: 30%;
                min-width: 200px;
                overflow: hidden;
                margin-right: 10px;
            }
            pre span.route span.call {
                display: inline-block;
                width: 50%;
                overflow: hidden;
                margin-right: 10px;
            }
            pre:first-child span.route {
                border-top: 4px solid #CDCDCD;
            }
            pre:first-child span.line {
                border-top: 4px solid #B6B6B6;
            }
            pre.error span.line {
                background: #A31012;
                color: #fff;
                text-shadow: 1px 1px 1px rgba(0,0,0,.3);
            }
        &lt;/style&gt;
    &lt;/head&gt;
    &lt;body&gt;
        &lt;h1&gt;Action Not Found&lt;/h1&gt;

        &lt;p id=&quot;detail&quot;&gt;
            For request 'GET /'
        &lt;/p&gt;

        

                &lt;h2&gt;
                    These routes have been tried, in this order:
                &lt;/h2&gt;

                &lt;div&gt;
                    
                        &lt;pre&gt;&lt;span class=&quot;line&quot;&gt;1&lt;/span&gt;&lt;span class=&quot;route&quot;&gt;&lt;span class=&quot;verb&quot;&gt;POST&lt;/span&gt;&lt;span class=&quot;path&quot;&gt;/person&lt;/span&gt;&lt;span class=&quot;call&quot;&gt;controllers.PersonController.addPerson()&lt;/span&gt;&lt;/span&gt;&lt;/pre&gt;
                    
                        &lt;pre&gt;&lt;span class=&quot;line&quot;&gt;2&lt;/span&gt;&lt;span class=&quot;route&quot;&gt;&lt;span class=&quot;verb&quot;&gt;GET&lt;/span&gt;&lt;span class=&quot;path&quot;&gt;/persons&lt;/span&gt;&lt;span class=&quot;call&quot;&gt;controllers.PersonController.getPersons()&lt;/span&gt;&lt;/span&gt;&lt;/pre&gt;
                    
                        &lt;pre&gt;&lt;span class=&quot;line&quot;&gt;3&lt;/span&gt;&lt;span class=&quot;route&quot;&gt;&lt;span class=&quot;verb&quot;&gt;POST&lt;/span&gt;&lt;span class=&quot;path&quot;&gt;/login&lt;/span&gt;&lt;span class=&quot;call&quot;&gt;controllers.PersonController.login()&lt;/span&gt;&lt;/span&gt;&lt;/pre&gt;
                    
                        &lt;pre&gt;&lt;span class=&quot;line&quot;&gt;4&lt;/span&gt;&lt;span class=&quot;route&quot;&gt;&lt;span class=&quot;verb&quot;&gt;DELETE&lt;/span&gt;&lt;span class=&quot;path&quot;&gt;/delperson&lt;/span&gt;&lt;span class=&quot;call&quot;&gt;controllers.PersonController.deletePerson()&lt;/span&gt;&lt;/span&gt;&lt;/pre&gt;
                    
                        &lt;pre&gt;&lt;span class=&quot;line&quot;&gt;5&lt;/span&gt;&lt;span class=&quot;route&quot;&gt;&lt;span class=&quot;verb&quot;&gt;POST&lt;/span&gt;&lt;span class=&quot;path&quot;&gt;/action&lt;/span&gt;&lt;span class=&quot;call&quot;&gt;controllers.ActionController.addAction()&lt;/span&gt;&lt;/span&gt;&lt;/pre&gt;
                    
                        &lt;pre&gt;&lt;span class=&quot;line&quot;&gt;6&lt;/span&gt;&lt;span class=&quot;route&quot;&gt;&lt;span class=&quot;verb&quot;&gt;GET&lt;/span&gt;&lt;span class=&quot;path&quot;&gt;/actionprofile/$email&amp;lt;[^/]+&amp;gt;&lt;/span&gt;&lt;span class=&quot;call&quot;&gt;controllers.ActionController.getUserAction(email:String)&lt;/span&gt;&lt;/span&gt;&lt;/pre&gt;
                    
                        &lt;pre&gt;&lt;span class=&quot;line&quot;&gt;7&lt;/span&gt;&lt;span class=&quot;route&quot;&gt;&lt;span class=&quot;verb&quot;&gt;GET&lt;/span&gt;&lt;span class=&quot;path&quot;&gt;/actions&lt;/span&gt;&lt;span class=&quot;call&quot;&gt;controllers.ActionController.getActions()&lt;/span&gt;&lt;/span&gt;&lt;/pre&gt;
                    
                        &lt;pre&gt;&lt;span class=&quot;line&quot;&gt;8&lt;/span&gt;&lt;span class=&quot;route&quot;&gt;&lt;span class=&quot;verb&quot;&gt;GET&lt;/span&gt;&lt;span class=&quot;path&quot;&gt;/actionsf/$filter&amp;lt;[^/]+&amp;gt;&lt;/span&gt;&lt;span class=&quot;call&quot;&gt;controllers.ActionController.getActionsFilter(filter:String)&lt;/span&gt;&lt;/span&gt;&lt;/pre&gt;
                    
                        &lt;pre&gt;&lt;span class=&quot;line&quot;&gt;9&lt;/span&gt;&lt;span class=&quot;route&quot;&gt;&lt;span class=&quot;verb&quot;&gt;DELETE&lt;/span&gt;&lt;span class=&quot;path&quot;&gt;/delaction&lt;/span&gt;&lt;span class=&quot;call&quot;&gt;controllers.ActionController.deleteAction()&lt;/span&gt;&lt;/span&gt;&lt;/pre&gt;
                    
                        &lt;pre&gt;&lt;span class=&quot;line&quot;&gt;10&lt;/span&gt;&lt;span class=&quot;route&quot;&gt;&lt;span class=&quot;verb&quot;&gt;GET&lt;/span&gt;&lt;span class=&quot;path&quot;&gt;/assets/$file&amp;lt;.+&amp;gt;&lt;/span&gt;&lt;span class=&quot;call&quot;&gt;controllers.Assets.at(path:String = &amp;quot;/public&amp;quot;, file:String)&lt;/span&gt;&lt;/span&gt;&lt;/pre&gt;
                    
                &lt;/div&gt;

            

    &lt;/body&gt;
&lt;/html&gt;
&quot;
	at org.hamcrest.MatcherAssert.assertThat(MatcherAssert.java:20)
	at org.hamcrest.MatcherAssert.assertThat(MatcherAssert.java:8)
	at IntegrationTest.testInServerThroughApp(IntegrationTest.java:48)
	at sun.reflect.NativeMethodAccessorImpl.invoke0(Native Method)
	at sun.reflect.NativeMethodAccessorImpl.invoke(NativeMethodAccessorImpl.java:62)
	at sun.reflect.DelegatingMethodAccessorImpl.invoke(DelegatingMethodAccessorImpl.java:43)
	at java.lang.reflect.Method.invoke(Method.java:498)
	at org.junit.runners.model.FrameworkMethod$1.runReflectiveCall(FrameworkMethod.java:50)
	at org.junit.internal.runners.model.ReflectiveCallable.run(ReflectiveCallable.java:12)
	at org.junit.runners.model.FrameworkMethod.invokeExplosively(FrameworkMethod.java:47)
	at org.junit.internal.runners.statements.InvokeMethod.evaluate(InvokeMethod.java:17)
	at org.junit.internal.runners.statements.RunBefores.evaluate(RunBefores.java:26)
	at org.junit.internal.runners.statements.RunAfters.evaluate(RunAfters.java:27)
	at org.junit.runners.ParentRunner.runLeaf(ParentRunner.java:325)
	at org.junit.runners.BlockJUnit4ClassRunner.runChild(BlockJUnit4ClassRunner.java:78)
	at org.junit.runners.BlockJUnit4ClassRunner.runChild(BlockJUnit4ClassRunner.java:57)
	at org.junit.runners.ParentRunner$3.run(ParentRunner.java:290)
	at org.junit.runners.ParentRunner$1.schedule(ParentRunner.java:71)
	at org.junit.runners.ParentRunner.runChildren(ParentRunner.java:288)
	at org.junit.runners.ParentRunner.access$000(ParentRunner.java:58)
	at org.junit.runners.ParentRunner$2.evaluate(ParentRunner.java:268)
	at org.junit.runners.ParentRunner.run(ParentRunner.java:363)
	at org.junit.runners.Suite.runChild(Suite.java:128)
	at org.junit.runners.Suite.runChild(Suite.java:27)
	at org.junit.runners.ParentRunner$3.run(ParentRunner.java:290)
	at org.junit.runners.ParentRunner$1.schedule(ParentRunner.java:71)
	at org.junit.runners.ParentRunner.runChildren(ParentRunner.java:288)
	at org.junit.runners.ParentRunner.access$000(ParentRunner.java:58)
	at org.junit.runners.ParentRunner$2.evaluate(ParentRunner.java:268)
	at org.junit.runners.ParentRunner.run(ParentRunner.java:363)
	at org.gradle.api.internal.tasks.testing.junit.JUnitTestClassExecutor.runTestClass(JUnitTestClassExecutor.java:106)
	at org.gradle.api.internal.tasks.testing.junit.JUnitTestClassExecutor.execute(JUnitTestClassExecutor.java:58)
	at org.gradle.api.internal.tasks.testing.junit.JUnitTestClassExecutor.execute(JUnitTestClassExecutor.java:38)
	at org.gradle.api.internal.tasks.testing.junit.AbstractJUnitTestClassProcessor.processTestClass(AbstractJUnitTestClassProcessor.java:66)
	at org.gradle.api.internal.tasks.testing.SuiteTestClassProcessor.processTestClass(SuiteTestClassProcessor.java:51)
	at sun.reflect.NativeMethodAccessorImpl.invoke0(Native Method)
	at sun.reflect.NativeMethodAccessorImpl.invoke(NativeMethodAccessorImpl.java:62)
	at sun.reflect.DelegatingMethodAccessorImpl.invoke(DelegatingMethodAccessorImpl.java:43)
	at java.lang.reflect.Method.invoke(Method.java:498)
	at org.gradle.internal.dispatch.ReflectionDispatch.dispatch(ReflectionDispatch.java:35)
	at org.gradle.internal.dispatch.ReflectionDispatch.dispatch(ReflectionDispatch.java:24)
	at org.gradle.internal.dispatch.ContextClassLoaderDispatch.dispatch(ContextClassLoaderDispatch.java:32)
	at org.gradle.internal.dispatch.ProxyDispatchAdapter$DispatchingInvocationHandler.invoke(ProxyDispatchAdapter.java:93)
	at com.sun.proxy.$Proxy2.processTestClass(Unknown Source)
	at org.gradle.api.internal.tasks.testing.worker.TestWorker.processTestClass(TestWorker.java:117)
	at sun.reflect.NativeMethodAccessorImpl.invoke0(Native Method)
	at sun.reflect.NativeMethodAccessorImpl.invoke(NativeMethodAccessorImpl.java:62)
	at sun.reflect.DelegatingMethodAccessorImpl.invoke(DelegatingMethodAccessorImpl.java:43)
	at java.lang.reflect.Method.invoke(Method.java:498)
	at org.gradle.internal.dispatch.ReflectionDispatch.dispatch(ReflectionDispatch.java:35)
	at org.gradle.internal.dispatch.ReflectionDispatch.dispatch(ReflectionDispatch.java:24)
	at org.gradle.internal.remote.internal.hub.MessageHubBackedObjectConnection$DispatchWrapper.dispatch(MessageHubBackedObjectConnection.java:155)
	at org.gradle.internal.remote.internal.hub.MessageHubBackedObjectConnection$DispatchWrapper.dispatch(MessageHubBackedObjectConnection.java:137)
	at org.gradle.internal.remote.internal.hub.MessageHub$Handler.run(MessageHub.java:404)
	at org.gradle.internal.concurrent.ExecutorPolicy$CatchAndRecordFailures.onExecute(ExecutorPolicy.java:63)
	at org.gradle.internal.concurrent.ManagedExecutorImpl$1.run(ManagedExecutorImpl.java:46)
	at java.util.concurrent.ThreadPoolExecutor.runWorker(ThreadPoolExecutor.java:1149)
	at java.util.concurrent.ThreadPoolExecutor$Worker.run(ThreadPoolExecutor.java:624)
	at org.gradle.internal.concurrent.ThreadFactoryImpl$ManagedThreadRunnable.run(ThreadFactoryImpl.java:55)
	at java.lang.Thread.run(Thread.java:748)
</failure>
  </testcase>
  <testcase name="testInServerThroughUrl" classname="IntegrationTest" time="0.763">
    <failure message="java.lang.AssertionError: &#10;Expected: a string containing &quot;Add Person&quot;&#10;     but: was &quot;&lt;!DOCTYPE html&gt;&#10;&lt;html lang=&quot;en&quot;&gt;&#10;    &lt;head&gt;&#10;        &lt;title&gt;Action Not Found&lt;/title&gt;&#10;        &lt;link rel=&quot;shortcut icon&quot; href=&quot;data:image/png;base64,iVBORw0KGgoAAAANSUhEUgAAABAAAAAQCAYAAAAf8/9hAAAAGXRFWHRTb2Z0d2FyZQBBZG9iZSBJbWFnZVJlYWR5ccllPAAAAlFJREFUeNqUU8tOFEEUPVVdNV3dPe8xYRBnjGhmBgKjKzCIiQvBoIaNbly5Z+PSv3Aj7DSiP2B0rwkLGVdGgxITSCRIJGSMEQWZR3eVt5sEFBgTb/dN1yvnnHtPNTPG4PqdHgCMXnPRSZrpSuH8vUJu4DE4rYHDGAZDX62BZttHqTiIayM3gGiXQsgYLEvATaqxU+dy1U13YXapXptpNHY8iwn8KyIAzm1KBdtRZWErpI5lEWTXp5Z/vHpZ3/wyKKwYGGOdAYwR0EZwoezTYApBEIObyELl/aE1/83cp40Pt5mxqCKrE4Ck+mVWKKcI5tA8BLEhRBKJLjez6a7MLq7XZtp+yyOawwCBtkiBVZDKzRk4NN7NQBMYPHiZDFhXY+p9ff7F961vVcnl4R5I2ykJ5XFN7Ab7Gc61VoipNBKF+PDyztu5lfrSLT/wIwCxq0CAGtXHZTzqR2jtwQiXONma6hHpj9sLT7YaPxfTXuZdBGA02Wi7FS48YiTfj+i2NhqtdhP5RC8mh2/Op7y0v6eAcWVLFT8D7kWX5S9mepp+C450MV6aWL1cGnvkxbwHtLW2B9AOkLeUd9KEDuh9fl/7CEj7YH5g+3r/lWfF9In7tPz6T4IIwBJOr1SJyIGQMZQbsh5P9uBq5VJtqHh2mo49pdw5WFoEwKWqWHacaWOjQXWGcifKo6vj5RGS6zykI587XeUIQDqJSmAp+lE4qt19W5P9o8+Lma5DcjsC8JiT607lMVkdqQ0Vyh3lHhmh52tfNy78ajXv0rgYzv8nfwswANuk+7sD/Q0aAAAAAElFTkSuQmCC&quot;&gt;&#10;        &lt;style&gt;&#10;            html, body, pre {&#10;                margin: 0;&#10;                padding: 0;&#10;                font-family: Monaco, 'Lucida Console', monospace;&#10;                background: #ECECEC;&#10;            }&#10;            h1 {&#10;                margin: 0;&#10;                background: #AD632A;&#10;                padding: 20px 45px;&#10;                color: #fff;&#10;                text-shadow: 1px 1px 1px rgba(0,0,0,.3);&#10;                border-bottom: 1px solid #9F5805;&#10;                font-size: 28px;&#10;            }&#10;            p#detail {&#10;                margin: 0;&#10;                padding: 15px 45px;&#10;                background: #F6A960;&#10;                border-top: 4px solid #D29052;&#10;                color: #733512;&#10;                text-shadow: 1px 1px 1px rgba(255,255,255,.3);&#10;                font-size: 14px;&#10;                border-bottom: 1px solid #BA7F5B;&#10;            }&#10;            h2 {&#10;                margin: 0;&#10;                padding: 5px 45px;&#10;                font-size: 12px;&#10;                background: #333;&#10;                color: #fff;&#10;                text-shadow: 1px 1px 1px rgba(0,0,0,.3);&#10;                border-top: 4px solid #2a2a2a;&#10;            }&#10;            pre {&#10;                margin: 0;&#10;                border-bottom: 1px solid #DDD;&#10;                text-shadow: 1px 1px 1px rgba(255,255,255,.5);&#10;                position: relative;&#10;                font-size: 12px;&#10;            }&#10;            pre span.line {&#10;                text-align: right;&#10;                display: inline-block;&#10;                padding: 5px 5px;&#10;                width: 30px;&#10;                background: #D6D6D6;&#10;                color: #8B8B8B;&#10;                text-shadow: 1px 1px 1px rgba(255,255,255,.5);&#10;                font-weight: bold;&#10;            }&#10;            pre span.route {&#10;                padding: 5px 5px;&#10;                position: absolute;&#10;                right: 0;&#10;                left: 40px;&#10;            }&#10;            pre span.route span.verb {&#10;                display: inline-block;&#10;                width: 5%;&#10;                min-width: 50px;&#10;                overflow: hidden;&#10;                margin-right: 10px;&#10;            }&#10;            pre span.route span.path {&#10;                display: inline-block;&#10;                width: 30%;&#10;                min-width: 200px;&#10;                overflow: hidden;&#10;                margin-right: 10px;&#10;            }&#10;            pre span.route span.call {&#10;                display: inline-block;&#10;                width: 50%;&#10;                overflow: hidden;&#10;                margin-right: 10px;&#10;            }&#10;            pre:first-child span.route {&#10;                border-top: 4px solid #CDCDCD;&#10;            }&#10;            pre:first-child span.line {&#10;                border-top: 4px solid #B6B6B6;&#10;            }&#10;            pre.error span.line {&#10;                background: #A31012;&#10;                color: #fff;&#10;                text-shadow: 1px 1px 1px rgba(0,0,0,.3);&#10;            }&#10;        &lt;/style&gt;&#10;    &lt;/head&gt;&#10;    &lt;body&gt;&#10;        &lt;h1&gt;Action Not Found&lt;/h1&gt;&#10;&#10;        &lt;p id=&quot;detail&quot;&gt;&#10;            For request 'GET /'&#10;        &lt;/p&gt;&#10;&#10;        &#10;&#10;                &lt;h2&gt;&#10;                    These routes have been tried, in this order:&#10;                &lt;/h2&gt;&#10;&#10;                &lt;div&gt;&#10;                    &#10;                        &lt;pre&gt;&lt;span class=&quot;line&quot;&gt;1&lt;/span&gt;&lt;span class=&quot;route&quot;&gt;&lt;span class=&quot;verb&quot;&gt;POST&lt;/span&gt;&lt;span class=&quot;path&quot;&gt;/person&lt;/span&gt;&lt;span class=&quot;call&quot;&gt;controllers.PersonController.addPerson()&lt;/span&gt;&lt;/span&gt;&lt;/pre&gt;&#10;                    &#10;                        &lt;pre&gt;&lt;span class=&quot;line&quot;&gt;2&lt;/span&gt;&lt;span class=&quot;route&quot;&gt;&lt;span class=&quot;verb&quot;&gt;GET&lt;/span&gt;&lt;span class=&quot;path&quot;&gt;/persons&lt;/span&gt;&lt;span class=&quot;call&quot;&gt;controllers.PersonController.getPersons()&lt;/span&gt;&lt;/span&gt;&lt;/pre&gt;&#10;                    &#10;                        &lt;pre&gt;&lt;span class=&quot;line&quot;&gt;3&lt;/span&gt;&lt;span class=&quot;route&quot;&gt;&lt;span class=&quot;verb&quot;&gt;POST&lt;/span&gt;&lt;span class=&quot;path&quot;&gt;/login&lt;/span&gt;&lt;span class=&quot;call&quot;&gt;controllers.PersonController.login()&lt;/span&gt;&lt;/span&gt;&lt;/pre&gt;&#10;                    &#10;                        &lt;pre&gt;&lt;span class=&quot;line&quot;&gt;4&lt;/span&gt;&lt;span class=&quot;route&quot;&gt;&lt;span class=&quot;verb&quot;&gt;DELETE&lt;/span&gt;&lt;span class=&quot;path&quot;&gt;/delperson&lt;/span&gt;&lt;span class=&quot;call&quot;&gt;controllers.PersonController.deletePerson()&lt;/span&gt;&lt;/span&gt;&lt;/pre&gt;&#10;                    &#10;                        &lt;pre&gt;&lt;span class=&quot;line&quot;&gt;5&lt;/span&gt;&lt;span class=&quot;route&quot;&gt;&lt;span class=&quot;verb&quot;&gt;POST&lt;/span&gt;&lt;span class=&quot;path&quot;&gt;/action&lt;/span&gt;&lt;span class=&quot;call&quot;&gt;controllers.ActionController.addAction()&lt;/span&gt;&lt;/span&gt;&lt;/pre&gt;&#10;                    &#10;                        &lt;pre&gt;&lt;span class=&quot;line&quot;&gt;6&lt;/span&gt;&lt;span class=&quot;route&quot;&gt;&lt;span class=&quot;verb&quot;&gt;GET&lt;/span&gt;&lt;span class=&quot;path&quot;&gt;/actionprofile/$email&amp;lt;[^/]+&amp;gt;&lt;/span&gt;&lt;span class=&quot;call&quot;&gt;controllers.ActionController.getUserAction(email:String)&lt;/span&gt;&lt;/span&gt;&lt;/pre&gt;&#10;                    &#10;                        &lt;pre&gt;&lt;span class=&quot;line&quot;&gt;7&lt;/span&gt;&lt;span class=&quot;route&quot;&gt;&lt;span class=&quot;verb&quot;&gt;GET&lt;/span&gt;&lt;span class=&quot;path&quot;&gt;/actions&lt;/span&gt;&lt;span class=&quot;call&quot;&gt;controllers.ActionController.getActions()&lt;/span&gt;&lt;/span&gt;&lt;/pre&gt;&#10;                    &#10;                        &lt;pre&gt;&lt;span class=&quot;line&quot;&gt;8&lt;/span&gt;&lt;span class=&quot;route&quot;&gt;&lt;span class=&quot;verb&quot;&gt;GET&lt;/span&gt;&lt;span class=&quot;path&quot;&gt;/actionsf/$filter&amp;lt;[^/]+&amp;gt;&lt;/span&gt;&lt;span class=&quot;call&quot;&gt;controllers.ActionController.getActionsFilter(filter:String)&lt;/span&gt;&lt;/span&gt;&lt;/pre&gt;&#10;                    &#10;                        &lt;pre&gt;&lt;span class=&quot;line&quot;&gt;9&lt;/span&gt;&lt;span class=&quot;route&quot;&gt;&lt;span class=&quot;verb&quot;&gt;DELETE&lt;/span&gt;&lt;span class=&quot;path&quot;&gt;/delaction&lt;/span&gt;&lt;span class=&quot;call&quot;&gt;controllers.ActionController.deleteAction()&lt;/span&gt;&lt;/span&gt;&lt;/pre&gt;&#10;                    &#10;                        &lt;pre&gt;&lt;span class=&quot;line&quot;&gt;10&lt;/span&gt;&lt;span class=&quot;route&quot;&gt;&lt;span class=&quot;verb&quot;&gt;GET&lt;/span&gt;&lt;span class=&quot;path&quot;&gt;/assets/$file&amp;lt;.+&amp;gt;&lt;/span&gt;&lt;span class=&quot;call&quot;&gt;controllers.Assets.at(path:String = &amp;quot;/public&amp;quot;, file:String)&lt;/span&gt;&lt;/span&gt;&lt;/pre&gt;&#10;                    &#10;                &lt;/div&gt;&#10;&#10;            &#10;&#10;    &lt;/body&gt;&#10;&lt;/html&gt;&#10;&quot;" type="java.lang.AssertionError">java.lang.AssertionError: 
Expected: a string containing &quot;Add Person&quot;
     but: was &quot;&lt;!DOCTYPE html&gt;
&lt;html lang=&quot;en&quot;&gt;
    &lt;head&gt;
        &lt;title&gt;Action Not Found&lt;/title&gt;
        &lt;link rel=&quot;shortcut icon&quot; href=&quot;data:image/png;base64,iVBORw0KGgoAAAANSUhEUgAAABAAAAAQCAYAAAAf8/9hAAAAGXRFWHRTb2Z0d2FyZQBBZG9iZSBJbWFnZVJlYWR5ccllPAAAAlFJREFUeNqUU8tOFEEUPVVdNV3dPe8xYRBnjGhmBgKjKzCIiQvBoIaNbly5Z+PSv3Aj7DSiP2B0rwkLGVdGgxITSCRIJGSMEQWZR3eVt5sEFBgTb/dN1yvnnHtPNTPG4PqdHgCMXnPRSZrpSuH8vUJu4DE4rYHDGAZDX62BZttHqTiIayM3gGiXQsgYLEvATaqxU+dy1U13YXapXptpNHY8iwn8KyIAzm1KBdtRZWErpI5lEWTXp5Z/vHpZ3/wyKKwYGGOdAYwR0EZwoezTYApBEIObyELl/aE1/83cp40Pt5mxqCKrE4Ck+mVWKKcI5tA8BLEhRBKJLjez6a7MLq7XZtp+yyOawwCBtkiBVZDKzRk4NN7NQBMYPHiZDFhXY+p9ff7F961vVcnl4R5I2ykJ5XFN7Ab7Gc61VoipNBKF+PDyztu5lfrSLT/wIwCxq0CAGtXHZTzqR2jtwQiXONma6hHpj9sLT7YaPxfTXuZdBGA02Wi7FS48YiTfj+i2NhqtdhP5RC8mh2/Op7y0v6eAcWVLFT8D7kWX5S9mepp+C450MV6aWL1cGnvkxbwHtLW2B9AOkLeUd9KEDuh9fl/7CEj7YH5g+3r/lWfF9In7tPz6T4IIwBJOr1SJyIGQMZQbsh5P9uBq5VJtqHh2mo49pdw5WFoEwKWqWHacaWOjQXWGcifKo6vj5RGS6zykI587XeUIQDqJSmAp+lE4qt19W5P9o8+Lma5DcjsC8JiT607lMVkdqQ0Vyh3lHhmh52tfNy78ajXv0rgYzv8nfwswANuk+7sD/Q0aAAAAAElFTkSuQmCC&quot;&gt;
        &lt;style&gt;
            html, body, pre {
                margin: 0;
                padding: 0;
                font-family: Monaco, 'Lucida Console', monospace;
                background: #ECECEC;
            }
            h1 {
                margin: 0;
                background: #AD632A;
                padding: 20px 45px;
                color: #fff;
                text-shadow: 1px 1px 1px rgba(0,0,0,.3);
                border-bottom: 1px solid #9F5805;
                font-size: 28px;
            }
            p#detail {
                margin: 0;
                padding: 15px 45px;
                background: #F6A960;
                border-top: 4px solid #D29052;
                color: #733512;
                text-shadow: 1px 1px 1px rgba(255,255,255,.3);
                font-size: 14px;
                border-bottom: 1px solid #BA7F5B;
            }
            h2 {
                margin: 0;
                padding: 5px 45px;
                font-size: 12px;
                background: #333;
                color: #fff;
                text-shadow: 1px 1px 1px rgba(0,0,0,.3);
                border-top: 4px solid #2a2a2a;
            }
            pre {
                margin: 0;
                border-bottom: 1px solid #DDD;
                text-shadow: 1px 1px 1px rgba(255,255,255,.5);
                position: relative;
                font-size: 12px;
            }
            pre span.line {
                text-align: right;
                display: inline-block;
                padding: 5px 5px;
                width: 30px;
                background: #D6D6D6;
                color: #8B8B8B;
                text-shadow: 1px 1px 1px rgba(255,255,255,.5);
                font-weight: bold;
            }
            pre span.route {
                padding: 5px 5px;
                position: absolute;
                right: 0;
                left: 40px;
            }
            pre span.route span.verb {
                display: inline-block;
                width: 5%;
                min-width: 50px;
                overflow: hidden;
                margin-right: 10px;
            }
            pre span.route span.path {
                display: inline-block;
                width: 30%;
                min-width: 200px;
                overflow: hidden;
                margin-right: 10px;
            }
            pre span.route span.call {
                display: inline-block;
                width: 50%;
                overflow: hidden;
                margin-right: 10px;
            }
            pre:first-child span.route {
                border-top: 4px solid #CDCDCD;
            }
            pre:first-child span.line {
                border-top: 4px solid #B6B6B6;
            }
            pre.error span.line {
                background: #A31012;
                color: #fff;
                text-shadow: 1px 1px 1px rgba(0,0,0,.3);
            }
        &lt;/style&gt;
    &lt;/head&gt;
    &lt;body&gt;
        &lt;h1&gt;Action Not Found&lt;/h1&gt;

        &lt;p id=&quot;detail&quot;&gt;
            For request 'GET /'
        &lt;/p&gt;

        

                &lt;h2&gt;
                    These routes have been tried, in this order:
                &lt;/h2&gt;

                &lt;div&gt;
                    
                        &lt;pre&gt;&lt;span class=&quot;line&quot;&gt;1&lt;/span&gt;&lt;span class=&quot;route&quot;&gt;&lt;span class=&quot;verb&quot;&gt;POST&lt;/span&gt;&lt;span class=&quot;path&quot;&gt;/person&lt;/span&gt;&lt;span class=&quot;call&quot;&gt;controllers.PersonController.addPerson()&lt;/span&gt;&lt;/span&gt;&lt;/pre&gt;
                    
                        &lt;pre&gt;&lt;span class=&quot;line&quot;&gt;2&lt;/span&gt;&lt;span class=&quot;route&quot;&gt;&lt;span class=&quot;verb&quot;&gt;GET&lt;/span&gt;&lt;span class=&quot;path&quot;&gt;/persons&lt;/span&gt;&lt;span class=&quot;call&quot;&gt;controllers.PersonController.getPersons()&lt;/span&gt;&lt;/span&gt;&lt;/pre&gt;
                    
                        &lt;pre&gt;&lt;span class=&quot;line&quot;&gt;3&lt;/span&gt;&lt;span class=&quot;route&quot;&gt;&lt;span class=&quot;verb&quot;&gt;POST&lt;/span&gt;&lt;span class=&quot;path&quot;&gt;/login&lt;/span&gt;&lt;span class=&quot;call&quot;&gt;controllers.PersonController.login()&lt;/span&gt;&lt;/span&gt;&lt;/pre&gt;
                    
                        &lt;pre&gt;&lt;span class=&quot;line&quot;&gt;4&lt;/span&gt;&lt;span class=&quot;route&quot;&gt;&lt;span class=&quot;verb&quot;&gt;DELETE&lt;/span&gt;&lt;span class=&quot;path&quot;&gt;/delperson&lt;/span&gt;&lt;span class=&quot;call&quot;&gt;controllers.PersonController.deletePerson()&lt;/span&gt;&lt;/span&gt;&lt;/pre&gt;
                    
                        &lt;pre&gt;&lt;span class=&quot;line&quot;&gt;5&lt;/span&gt;&lt;span class=&quot;route&quot;&gt;&lt;span class=&quot;verb&quot;&gt;POST&lt;/span&gt;&lt;span class=&quot;path&quot;&gt;/action&lt;/span&gt;&lt;span class=&quot;call&quot;&gt;controllers.ActionController.addAction()&lt;/span&gt;&lt;/span&gt;&lt;/pre&gt;
                    
                        &lt;pre&gt;&lt;span class=&quot;line&quot;&gt;6&lt;/span&gt;&lt;span class=&quot;route&quot;&gt;&lt;span class=&quot;verb&quot;&gt;GET&lt;/span&gt;&lt;span class=&quot;path&quot;&gt;/actionprofile/$email&amp;lt;[^/]+&amp;gt;&lt;/span&gt;&lt;span class=&quot;call&quot;&gt;controllers.ActionController.getUserAction(email:String)&lt;/span&gt;&lt;/span&gt;&lt;/pre&gt;
                    
                        &lt;pre&gt;&lt;span class=&quot;line&quot;&gt;7&lt;/span&gt;&lt;span class=&quot;route&quot;&gt;&lt;span class=&quot;verb&quot;&gt;GET&lt;/span&gt;&lt;span class=&quot;path&quot;&gt;/actions&lt;/span&gt;&lt;span class=&quot;call&quot;&gt;controllers.ActionController.getActions()&lt;/span&gt;&lt;/span&gt;&lt;/pre&gt;
                    
                        &lt;pre&gt;&lt;span class=&quot;line&quot;&gt;8&lt;/span&gt;&lt;span class=&quot;route&quot;&gt;&lt;span class=&quot;verb&quot;&gt;GET&lt;/span&gt;&lt;span class=&quot;path&quot;&gt;/actionsf/$filter&amp;lt;[^/]+&amp;gt;&lt;/span&gt;&lt;span class=&quot;call&quot;&gt;controllers.ActionController.getActionsFilter(filter:String)&lt;/span&gt;&lt;/span&gt;&lt;/pre&gt;
                    
                        &lt;pre&gt;&lt;span class=&quot;line&quot;&gt;9&lt;/span&gt;&lt;span class=&quot;route&quot;&gt;&lt;span class=&quot;verb&quot;&gt;DELETE&lt;/span&gt;&lt;span class=&quot;path&quot;&gt;/delaction&lt;/span&gt;&lt;span class=&quot;call&quot;&gt;controllers.ActionController.deleteAction()&lt;/span&gt;&lt;/span&gt;&lt;/pre&gt;
                    
                        &lt;pre&gt;&lt;span class=&quot;line&quot;&gt;10&lt;/span&gt;&lt;span class=&quot;route&quot;&gt;&lt;span class=&quot;verb&quot;&gt;GET&lt;/span&gt;&lt;span class=&quot;path&quot;&gt;/assets/$file&amp;lt;.+&amp;gt;&lt;/span&gt;&lt;span class=&quot;call&quot;&gt;controllers.Assets.at(path:String = &amp;quot;/public&amp;quot;, file:String)&lt;/span&gt;&lt;/span&gt;&lt;/pre&gt;
                    
                &lt;/div&gt;

            

    &lt;/body&gt;
&lt;/html&gt;
&quot;
	at org.hamcrest.MatcherAssert.assertThat(MatcherAssert.java:20)
	at org.hamcrest.MatcherAssert.assertThat(MatcherAssert.java:8)
	at IntegrationTest.testInServerThroughUrl(IntegrationTest.java:30)
	at sun.reflect.NativeMethodAccessorImpl.invoke0(Native Method)
	at sun.reflect.NativeMethodAccessorImpl.invoke(NativeMethodAccessorImpl.java:62)
	at sun.reflect.DelegatingMethodAccessorImpl.invoke(DelegatingMethodAccessorImpl.java:43)
	at java.lang.reflect.Method.invoke(Method.java:498)
	at org.junit.runners.model.FrameworkMethod$1.runReflectiveCall(FrameworkMethod.java:50)
	at org.junit.internal.runners.model.ReflectiveCallable.run(ReflectiveCallable.java:12)
	at org.junit.runners.model.FrameworkMethod.invokeExplosively(FrameworkMethod.java:47)
	at org.junit.internal.runners.statements.InvokeMethod.evaluate(InvokeMethod.java:17)
	at org.junit.internal.runners.statements.RunBefores.evaluate(RunBefores.java:26)
	at org.junit.internal.runners.statements.RunAfters.evaluate(RunAfters.java:27)
	at org.junit.runners.ParentRunner.runLeaf(ParentRunner.java:325)
	at org.junit.runners.BlockJUnit4ClassRunner.runChild(BlockJUnit4ClassRunner.java:78)
	at org.junit.runners.BlockJUnit4ClassRunner.runChild(BlockJUnit4ClassRunner.java:57)
	at org.junit.runners.ParentRunner$3.run(ParentRunner.java:290)
	at org.junit.runners.ParentRunner$1.schedule(ParentRunner.java:71)
	at org.junit.runners.ParentRunner.runChildren(ParentRunner.java:288)
	at org.junit.runners.ParentRunner.access$000(ParentRunner.java:58)
	at org.junit.runners.ParentRunner$2.evaluate(ParentRunner.java:268)
	at org.junit.runners.ParentRunner.run(ParentRunner.java:363)
	at org.junit.runners.Suite.runChild(Suite.java:128)
	at org.junit.runners.Suite.runChild(Suite.java:27)
	at org.junit.runners.ParentRunner$3.run(ParentRunner.java:290)
	at org.junit.runners.ParentRunner$1.schedule(ParentRunner.java:71)
	at org.junit.runners.ParentRunner.runChildren(ParentRunner.java:288)
	at org.junit.runners.ParentRunner.access$000(ParentRunner.java:58)
	at org.junit.runners.ParentRunner$2.evaluate(ParentRunner.java:268)
	at org.junit.runners.ParentRunner.run(ParentRunner.java:363)
	at org.gradle.api.internal.tasks.testing.junit.JUnitTestClassExecutor.runTestClass(JUnitTestClassExecutor.java:106)
	at org.gradle.api.internal.tasks.testing.junit.JUnitTestClassExecutor.execute(JUnitTestClassExecutor.java:58)
	at org.gradle.api.internal.tasks.testing.junit.JUnitTestClassExecutor.execute(JUnitTestClassExecutor.java:38)
	at org.gradle.api.internal.tasks.testing.junit.AbstractJUnitTestClassProcessor.processTestClass(AbstractJUnitTestClassProcessor.java:66)
	at org.gradle.api.internal.tasks.testing.SuiteTestClassProcessor.processTestClass(SuiteTestClassProcessor.java:51)
	at sun.reflect.NativeMethodAccessorImpl.invoke0(Native Method)
	at sun.reflect.NativeMethodAccessorImpl.invoke(NativeMethodAccessorImpl.java:62)
	at sun.reflect.DelegatingMethodAccessorImpl.invoke(DelegatingMethodAccessorImpl.java:43)
	at java.lang.reflect.Method.invoke(Method.java:498)
	at org.gradle.internal.dispatch.ReflectionDispatch.dispatch(ReflectionDispatch.java:35)
	at org.gradle.internal.dispatch.ReflectionDispatch.dispatch(ReflectionDispatch.java:24)
	at org.gradle.internal.dispatch.ContextClassLoaderDispatch.dispatch(ContextClassLoaderDispatch.java:32)
	at org.gradle.internal.dispatch.ProxyDispatchAdapter$DispatchingInvocationHandler.invoke(ProxyDispatchAdapter.java:93)
	at com.sun.proxy.$Proxy2.processTestClass(Unknown Source)
	at org.gradle.api.internal.tasks.testing.worker.TestWorker.processTestClass(TestWorker.java:117)
	at sun.reflect.NativeMethodAccessorImpl.invoke0(Native Method)
	at sun.reflect.NativeMethodAccessorImpl.invoke(NativeMethodAccessorImpl.java:62)
	at sun.reflect.DelegatingMethodAccessorImpl.invoke(DelegatingMethodAccessorImpl.java:43)
	at java.lang.reflect.Method.invoke(Method.java:498)
	at org.gradle.internal.dispatch.ReflectionDispatch.dispatch(ReflectionDispatch.java:35)
	at org.gradle.internal.dispatch.ReflectionDispatch.dispatch(ReflectionDispatch.java:24)
	at org.gradle.internal.remote.internal.hub.MessageHubBackedObjectConnection$DispatchWrapper.dispatch(MessageHubBackedObjectConnection.java:155)
	at org.gradle.internal.remote.internal.hub.MessageHubBackedObjectConnection$DispatchWrapper.dispatch(MessageHubBackedObjectConnection.java:137)
	at org.gradle.internal.remote.internal.hub.MessageHub$Handler.run(MessageHub.java:404)
	at org.gradle.internal.concurrent.ExecutorPolicy$CatchAndRecordFailures.onExecute(ExecutorPolicy.java:63)
	at org.gradle.internal.concurrent.ManagedExecutorImpl$1.run(ManagedExecutorImpl.java:46)
	at java.util.concurrent.ThreadPoolExecutor.runWorker(ThreadPoolExecutor.java:1149)
	at java.util.concurrent.ThreadPoolExecutor$Worker.run(ThreadPoolExecutor.java:624)
	at org.gradle.internal.concurrent.ThreadFactoryImpl$ManagedThreadRunnable.run(ThreadFactoryImpl.java:55)
	at java.lang.Thread.run(Thread.java:748)
</failure>
  </testcase>
  <testcase name="testInServerThroughApp" classname="IntegrationTest" time="0.213">
    <failure message="java.lang.AssertionError: &#10;Expected: a string containing &quot;Add Person&quot;&#10;     but: was &quot;&lt;!DOCTYPE html&gt;&#10;&lt;html lang=&quot;en&quot;&gt;&#10;    &lt;head&gt;&#10;        &lt;title&gt;Action Not Found&lt;/title&gt;&#10;        &lt;link rel=&quot;shortcut icon&quot; href=&quot;data:image/png;base64,iVBORw0KGgoAAAANSUhEUgAAABAAAAAQCAYAAAAf8/9hAAAAGXRFWHRTb2Z0d2FyZQBBZG9iZSBJbWFnZVJlYWR5ccllPAAAAlFJREFUeNqUU8tOFEEUPVVdNV3dPe8xYRBnjGhmBgKjKzCIiQvBoIaNbly5Z+PSv3Aj7DSiP2B0rwkLGVdGgxITSCRIJGSMEQWZR3eVt5sEFBgTb/dN1yvnnHtPNTPG4PqdHgCMXnPRSZrpSuH8vUJu4DE4rYHDGAZDX62BZttHqTiIayM3gGiXQsgYLEvATaqxU+dy1U13YXapXptpNHY8iwn8KyIAzm1KBdtRZWErpI5lEWTXp5Z/vHpZ3/wyKKwYGGOdAYwR0EZwoezTYApBEIObyELl/aE1/83cp40Pt5mxqCKrE4Ck+mVWKKcI5tA8BLEhRBKJLjez6a7MLq7XZtp+yyOawwCBtkiBVZDKzRk4NN7NQBMYPHiZDFhXY+p9ff7F961vVcnl4R5I2ykJ5XFN7Ab7Gc61VoipNBKF+PDyztu5lfrSLT/wIwCxq0CAGtXHZTzqR2jtwQiXONma6hHpj9sLT7YaPxfTXuZdBGA02Wi7FS48YiTfj+i2NhqtdhP5RC8mh2/Op7y0v6eAcWVLFT8D7kWX5S9mepp+C450MV6aWL1cGnvkxbwHtLW2B9AOkLeUd9KEDuh9fl/7CEj7YH5g+3r/lWfF9In7tPz6T4IIwBJOr1SJyIGQMZQbsh5P9uBq5VJtqHh2mo49pdw5WFoEwKWqWHacaWOjQXWGcifKo6vj5RGS6zykI587XeUIQDqJSmAp+lE4qt19W5P9o8+Lma5DcjsC8JiT607lMVkdqQ0Vyh3lHhmh52tfNy78ajXv0rgYzv8nfwswANuk+7sD/Q0aAAAAAElFTkSuQmCC&quot;&gt;&#10;        &lt;style&gt;&#10;            html, body, pre {&#10;                margin: 0;&#10;                padding: 0;&#10;                font-family: Monaco, 'Lucida Console', monospace;&#10;                background: #ECECEC;&#10;            }&#10;            h1 {&#10;                margin: 0;&#10;                background: #AD632A;&#10;                padding: 20px 45px;&#10;                color: #fff;&#10;                text-shadow: 1px 1px 1px rgba(0,0,0,.3);&#10;                border-bottom: 1px solid #9F5805;&#10;                font-size: 28px;&#10;            }&#10;            p#detail {&#10;                margin: 0;&#10;                padding: 15px 45px;&#10;                background: #F6A960;&#10;                border-top: 4px solid #D29052;&#10;                color: #733512;&#10;                text-shadow: 1px 1px 1px rgba(255,255,255,.3);&#10;                font-size: 14px;&#10;                border-bottom: 1px solid #BA7F5B;&#10;            }&#10;            h2 {&#10;                margin: 0;&#10;                padding: 5px 45px;&#10;                font-size: 12px;&#10;                background: #333;&#10;                color: #fff;&#10;                text-shadow: 1px 1px 1px rgba(0,0,0,.3);&#10;                border-top: 4px solid #2a2a2a;&#10;            }&#10;            pre {&#10;                margin: 0;&#10;                border-bottom: 1px solid #DDD;&#10;                text-shadow: 1px 1px 1px rgba(255,255,255,.5);&#10;                position: relative;&#10;                font-size: 12px;&#10;            }&#10;            pre span.line {&#10;                text-align: right;&#10;                display: inline-block;&#10;                padding: 5px 5px;&#10;                width: 30px;&#10;                background: #D6D6D6;&#10;                color: #8B8B8B;&#10;                text-shadow: 1px 1px 1px rgba(255,255,255,.5);&#10;                font-weight: bold;&#10;            }&#10;            pre span.route {&#10;                padding: 5px 5px;&#10;                position: absolute;&#10;                right: 0;&#10;                left: 40px;&#10;            }&#10;            pre span.route span.verb {&#10;                display: inline-block;&#10;                width: 5%;&#10;                min-width: 50px;&#10;                overflow: hidden;&#10;                margin-right: 10px;&#10;            }&#10;            pre span.route span.path {&#10;                display: inline-block;&#10;                width: 30%;&#10;                min-width: 200px;&#10;                overflow: hidden;&#10;                margin-right: 10px;&#10;            }&#10;            pre span.route span.call {&#10;                display: inline-block;&#10;                width: 50%;&#10;                overflow: hidden;&#10;                margin-right: 10px;&#10;            }&#10;            pre:first-child span.route {&#10;                border-top: 4px solid #CDCDCD;&#10;            }&#10;            pre:first-child span.line {&#10;                border-top: 4px solid #B6B6B6;&#10;            }&#10;            pre.error span.line {&#10;                background: #A31012;&#10;                color: #fff;&#10;                text-shadow: 1px 1px 1px rgba(0,0,0,.3);&#10;            }&#10;        &lt;/style&gt;&#10;    &lt;/head&gt;&#10;    &lt;body&gt;&#10;        &lt;h1&gt;Action Not Found&lt;/h1&gt;&#10;&#10;        &lt;p id=&quot;detail&quot;&gt;&#10;            For request 'GET /'&#10;        &lt;/p&gt;&#10;&#10;        &#10;&#10;                &lt;h2&gt;&#10;                    These routes have been tried, in this order:&#10;                &lt;/h2&gt;&#10;&#10;                &lt;div&gt;&#10;                    &#10;                        &lt;pre&gt;&lt;span class=&quot;line&quot;&gt;1&lt;/span&gt;&lt;span class=&quot;route&quot;&gt;&lt;span class=&quot;verb&quot;&gt;POST&lt;/span&gt;&lt;span class=&quot;path&quot;&gt;/person&lt;/span&gt;&lt;span class=&quot;call&quot;&gt;controllers.PersonController.addPerson()&lt;/span&gt;&lt;/span&gt;&lt;/pre&gt;&#10;                    &#10;                        &lt;pre&gt;&lt;span class=&quot;line&quot;&gt;2&lt;/span&gt;&lt;span class=&quot;route&quot;&gt;&lt;span class=&quot;verb&quot;&gt;GET&lt;/span&gt;&lt;span class=&quot;path&quot;&gt;/persons&lt;/span&gt;&lt;span class=&quot;call&quot;&gt;controllers.PersonController.getPersons()&lt;/span&gt;&lt;/span&gt;&lt;/pre&gt;&#10;                    &#10;                        &lt;pre&gt;&lt;span class=&quot;line&quot;&gt;3&lt;/span&gt;&lt;span class=&quot;route&quot;&gt;&lt;span class=&quot;verb&quot;&gt;POST&lt;/span&gt;&lt;span class=&quot;path&quot;&gt;/login&lt;/span&gt;&lt;span class=&quot;call&quot;&gt;controllers.PersonController.login()&lt;/span&gt;&lt;/span&gt;&lt;/pre&gt;&#10;                    &#10;                        &lt;pre&gt;&lt;span class=&quot;line&quot;&gt;4&lt;/span&gt;&lt;span class=&quot;route&quot;&gt;&lt;span class=&quot;verb&quot;&gt;DELETE&lt;/span&gt;&lt;span class=&quot;path&quot;&gt;/delperson&lt;/span&gt;&lt;span class=&quot;call&quot;&gt;controllers.PersonController.deletePerson()&lt;/span&gt;&lt;/span&gt;&lt;/pre&gt;&#10;                    &#10;                        &lt;pre&gt;&lt;span class=&quot;line&quot;&gt;5&lt;/span&gt;&lt;span class=&quot;route&quot;&gt;&lt;span class=&quot;verb&quot;&gt;POST&lt;/span&gt;&lt;span class=&quot;path&quot;&gt;/action&lt;/span&gt;&lt;span class=&quot;call&quot;&gt;controllers.ActionController.addAction()&lt;/span&gt;&lt;/span&gt;&lt;/pre&gt;&#10;                    &#10;                        &lt;pre&gt;&lt;span class=&quot;line&quot;&gt;6&lt;/span&gt;&lt;span class=&quot;route&quot;&gt;&lt;span class=&quot;verb&quot;&gt;GET&lt;/span&gt;&lt;span class=&quot;path&quot;&gt;/actionprofile/$email&amp;lt;[^/]+&amp;gt;&lt;/span&gt;&lt;span class=&quot;call&quot;&gt;controllers.ActionController.getUserAction(email:String)&lt;/span&gt;&lt;/span&gt;&lt;/pre&gt;&#10;                    &#10;                        &lt;pre&gt;&lt;span class=&quot;line&quot;&gt;7&lt;/span&gt;&lt;span class=&quot;route&quot;&gt;&lt;span class=&quot;verb&quot;&gt;GET&lt;/span&gt;&lt;span class=&quot;path&quot;&gt;/actions&lt;/span&gt;&lt;span class=&quot;call&quot;&gt;controllers.ActionController.getActions()&lt;/span&gt;&lt;/span&gt;&lt;/pre&gt;&#10;                    &#10;                        &lt;pre&gt;&lt;span class=&quot;line&quot;&gt;8&lt;/span&gt;&lt;span class=&quot;route&quot;&gt;&lt;span class=&quot;verb&quot;&gt;GET&lt;/span&gt;&lt;span class=&quot;path&quot;&gt;/actionsf/$filter&amp;lt;[^/]+&amp;gt;&lt;/span&gt;&lt;span class=&quot;call&quot;&gt;controllers.ActionController.getActionsFilter(filter:String)&lt;/span&gt;&lt;/span&gt;&lt;/pre&gt;&#10;                    &#10;                        &lt;pre&gt;&lt;span class=&quot;line&quot;&gt;9&lt;/span&gt;&lt;span class=&quot;route&quot;&gt;&lt;span class=&quot;verb&quot;&gt;DELETE&lt;/span&gt;&lt;span class=&quot;path&quot;&gt;/delaction&lt;/span&gt;&lt;span class=&quot;call&quot;&gt;controllers.ActionController.deleteAction()&lt;/span&gt;&lt;/span&gt;&lt;/pre&gt;&#10;                    &#10;                        &lt;pre&gt;&lt;span class=&quot;line&quot;&gt;10&lt;/span&gt;&lt;span class=&quot;route&quot;&gt;&lt;span class=&quot;verb&quot;&gt;GET&lt;/span&gt;&lt;span class=&quot;path&quot;&gt;/assets/$file&amp;lt;.+&amp;gt;&lt;/span&gt;&lt;span class=&quot;call&quot;&gt;controllers.Assets.at(path:String = &amp;quot;/public&amp;quot;, file:String)&lt;/span&gt;&lt;/span&gt;&lt;/pre&gt;&#10;                    &#10;                &lt;/div&gt;&#10;&#10;            &#10;&#10;    &lt;/body&gt;&#10;&lt;/html&gt;&#10;&quot;" type="java.lang.AssertionError">java.lang.AssertionError: 
Expected: a string containing &quot;Add Person&quot;
     but: was &quot;&lt;!DOCTYPE html&gt;
&lt;html lang=&quot;en&quot;&gt;
    &lt;head&gt;
        &lt;title&gt;Action Not Found&lt;/title&gt;
        &lt;link rel=&quot;shortcut icon&quot; href=&quot;data:image/png;base64,iVBORw0KGgoAAAANSUhEUgAAABAAAAAQCAYAAAAf8/9hAAAAGXRFWHRTb2Z0d2FyZQBBZG9iZSBJbWFnZVJlYWR5ccllPAAAAlFJREFUeNqUU8tOFEEUPVVdNV3dPe8xYRBnjGhmBgKjKzCIiQvBoIaNbly5Z+PSv3Aj7DSiP2B0rwkLGVdGgxITSCRIJGSMEQWZR3eVt5sEFBgTb/dN1yvnnHtPNTPG4PqdHgCMXnPRSZrpSuH8vUJu4DE4rYHDGAZDX62BZttHqTiIayM3gGiXQsgYLEvATaqxU+dy1U13YXapXptpNHY8iwn8KyIAzm1KBdtRZWErpI5lEWTXp5Z/vHpZ3/wyKKwYGGOdAYwR0EZwoezTYApBEIObyELl/aE1/83cp40Pt5mxqCKrE4Ck+mVWKKcI5tA8BLEhRBKJLjez6a7MLq7XZtp+yyOawwCBtkiBVZDKzRk4NN7NQBMYPHiZDFhXY+p9ff7F961vVcnl4R5I2ykJ5XFN7Ab7Gc61VoipNBKF+PDyztu5lfrSLT/wIwCxq0CAGtXHZTzqR2jtwQiXONma6hHpj9sLT7YaPxfTXuZdBGA02Wi7FS48YiTfj+i2NhqtdhP5RC8mh2/Op7y0v6eAcWVLFT8D7kWX5S9mepp+C450MV6aWL1cGnvkxbwHtLW2B9AOkLeUd9KEDuh9fl/7CEj7YH5g+3r/lWfF9In7tPz6T4IIwBJOr1SJyIGQMZQbsh5P9uBq5VJtqHh2mo49pdw5WFoEwKWqWHacaWOjQXWGcifKo6vj5RGS6zykI587XeUIQDqJSmAp+lE4qt19W5P9o8+Lma5DcjsC8JiT607lMVkdqQ0Vyh3lHhmh52tfNy78ajXv0rgYzv8nfwswANuk+7sD/Q0aAAAAAElFTkSuQmCC&quot;&gt;
        &lt;style&gt;
            html, body, pre {
                margin: 0;
                padding: 0;
                font-family: Monaco, 'Lucida Console', monospace;
                background: #ECECEC;
            }
            h1 {
                margin: 0;
                background: #AD632A;
                padding: 20px 45px;
                color: #fff;
                text-shadow: 1px 1px 1px rgba(0,0,0,.3);
                border-bottom: 1px solid #9F5805;
                font-size: 28px;
            }
            p#detail {
                margin: 0;
                padding: 15px 45px;
                background: #F6A960;
                border-top: 4px solid #D29052;
                color: #733512;
                text-shadow: 1px 1px 1px rgba(255,255,255,.3);
                font-size: 14px;
                border-bottom: 1px solid #BA7F5B;
            }
            h2 {
                margin: 0;
                padding: 5px 45px;
                font-size: 12px;
                background: #333;
                color: #fff;
                text-shadow: 1px 1px 1px rgba(0,0,0,.3);
                border-top: 4px solid #2a2a2a;
            }
            pre {
                margin: 0;
                border-bottom: 1px solid #DDD;
                text-shadow: 1px 1px 1px rgba(255,255,255,.5);
                position: relative;
                font-size: 12px;
            }
            pre span.line {
                text-align: right;
                display: inline-block;
                padding: 5px 5px;
                width: 30px;
                background: #D6D6D6;
                color: #8B8B8B;
                text-shadow: 1px 1px 1px rgba(255,255,255,.5);
                font-weight: bold;
            }
            pre span.route {
                padding: 5px 5px;
                position: absolute;
                right: 0;
                left: 40px;
            }
            pre span.route span.verb {
                display: inline-block;
                width: 5%;
                min-width: 50px;
                overflow: hidden;
                margin-right: 10px;
            }
            pre span.route span.path {
                display: inline-block;
                width: 30%;
                min-width: 200px;
                overflow: hidden;
                margin-right: 10px;
            }
            pre span.route span.call {
                display: inline-block;
                width: 50%;
                overflow: hidden;
                margin-right: 10px;
            }
            pre:first-child span.route {
                border-top: 4px solid #CDCDCD;
            }
            pre:first-child span.line {
                border-top: 4px solid #B6B6B6;
            }
            pre.error span.line {
                background: #A31012;
                color: #fff;
                text-shadow: 1px 1px 1px rgba(0,0,0,.3);
            }
        &lt;/style&gt;
    &lt;/head&gt;
    &lt;body&gt;
        &lt;h1&gt;Action Not Found&lt;/h1&gt;

        &lt;p id=&quot;detail&quot;&gt;
            For request 'GET /'
        &lt;/p&gt;

        

                &lt;h2&gt;
                    These routes have been tried, in this order:
                &lt;/h2&gt;

                &lt;div&gt;
                    
                        &lt;pre&gt;&lt;span class=&quot;line&quot;&gt;1&lt;/span&gt;&lt;span class=&quot;route&quot;&gt;&lt;span class=&quot;verb&quot;&gt;POST&lt;/span&gt;&lt;span class=&quot;path&quot;&gt;/person&lt;/span&gt;&lt;span class=&quot;call&quot;&gt;controllers.PersonController.addPerson()&lt;/span&gt;&lt;/span&gt;&lt;/pre&gt;
                    
                        &lt;pre&gt;&lt;span class=&quot;line&quot;&gt;2&lt;/span&gt;&lt;span class=&quot;route&quot;&gt;&lt;span class=&quot;verb&quot;&gt;GET&lt;/span&gt;&lt;span class=&quot;path&quot;&gt;/persons&lt;/span&gt;&lt;span class=&quot;call&quot;&gt;controllers.PersonController.getPersons()&lt;/span&gt;&lt;/span&gt;&lt;/pre&gt;
                    
                        &lt;pre&gt;&lt;span class=&quot;line&quot;&gt;3&lt;/span&gt;&lt;span class=&quot;route&quot;&gt;&lt;span class=&quot;verb&quot;&gt;POST&lt;/span&gt;&lt;span class=&quot;path&quot;&gt;/login&lt;/span&gt;&lt;span class=&quot;call&quot;&gt;controllers.PersonController.login()&lt;/span&gt;&lt;/span&gt;&lt;/pre&gt;
                    
                        &lt;pre&gt;&lt;span class=&quot;line&quot;&gt;4&lt;/span&gt;&lt;span class=&quot;route&quot;&gt;&lt;span class=&quot;verb&quot;&gt;DELETE&lt;/span&gt;&lt;span class=&quot;path&quot;&gt;/delperson&lt;/span&gt;&lt;span class=&quot;call&quot;&gt;controllers.PersonController.deletePerson()&lt;/span&gt;&lt;/span&gt;&lt;/pre&gt;
                    
                        &lt;pre&gt;&lt;span class=&quot;line&quot;&gt;5&lt;/span&gt;&lt;span class=&quot;route&quot;&gt;&lt;span class=&quot;verb&quot;&gt;POST&lt;/span&gt;&lt;span class=&quot;path&quot;&gt;/action&lt;/span&gt;&lt;span class=&quot;call&quot;&gt;controllers.ActionController.addAction()&lt;/span&gt;&lt;/span&gt;&lt;/pre&gt;
                    
                        &lt;pre&gt;&lt;span class=&quot;line&quot;&gt;6&lt;/span&gt;&lt;span class=&quot;route&quot;&gt;&lt;span class=&quot;verb&quot;&gt;GET&lt;/span&gt;&lt;span class=&quot;path&quot;&gt;/actionprofile/$email&amp;lt;[^/]+&amp;gt;&lt;/span&gt;&lt;span class=&quot;call&quot;&gt;controllers.ActionController.getUserAction(email:String)&lt;/span&gt;&lt;/span&gt;&lt;/pre&gt;
                    
                        &lt;pre&gt;&lt;span class=&quot;line&quot;&gt;7&lt;/span&gt;&lt;span class=&quot;route&quot;&gt;&lt;span class=&quot;verb&quot;&gt;GET&lt;/span&gt;&lt;span class=&quot;path&quot;&gt;/actions&lt;/span&gt;&lt;span class=&quot;call&quot;&gt;controllers.ActionController.getActions()&lt;/span&gt;&lt;/span&gt;&lt;/pre&gt;
                    
                        &lt;pre&gt;&lt;span class=&quot;line&quot;&gt;8&lt;/span&gt;&lt;span class=&quot;route&quot;&gt;&lt;span class=&quot;verb&quot;&gt;GET&lt;/span&gt;&lt;span class=&quot;path&quot;&gt;/actionsf/$filter&amp;lt;[^/]+&amp;gt;&lt;/span&gt;&lt;span class=&quot;call&quot;&gt;controllers.ActionController.getActionsFilter(filter:String)&lt;/span&gt;&lt;/span&gt;&lt;/pre&gt;
                    
                        &lt;pre&gt;&lt;span class=&quot;line&quot;&gt;9&lt;/span&gt;&lt;span class=&quot;route&quot;&gt;&lt;span class=&quot;verb&quot;&gt;DELETE&lt;/span&gt;&lt;span class=&quot;path&quot;&gt;/delaction&lt;/span&gt;&lt;span class=&quot;call&quot;&gt;controllers.ActionController.deleteAction()&lt;/span&gt;&lt;/span&gt;&lt;/pre&gt;
                    
                        &lt;pre&gt;&lt;span class=&quot;line&quot;&gt;10&lt;/span&gt;&lt;span class=&quot;route&quot;&gt;&lt;span class=&quot;verb&quot;&gt;GET&lt;/span&gt;&lt;span class=&quot;path&quot;&gt;/assets/$file&amp;lt;.+&amp;gt;&lt;/span&gt;&lt;span class=&quot;call&quot;&gt;controllers.Assets.at(path:String = &amp;quot;/public&amp;quot;, file:String)&lt;/span&gt;&lt;/span&gt;&lt;/pre&gt;
                    
                &lt;/div&gt;

            

    &lt;/body&gt;
&lt;/html&gt;
&quot;
	at org.hamcrest.MatcherAssert.assertThat(MatcherAssert.java:20)
	at org.hamcrest.MatcherAssert.assertThat(MatcherAssert.java:8)
	at IntegrationTest.testInServerThroughApp(IntegrationTest.java:48)
	at sun.reflect.NativeMethodAccessorImpl.invoke0(Native Method)
	at sun.reflect.NativeMethodAccessorImpl.invoke(NativeMethodAccessorImpl.java:62)
	at sun.reflect.DelegatingMethodAccessorImpl.invoke(DelegatingMethodAccessorImpl.java:43)
	at java.lang.reflect.Method.invoke(Method.java:498)
	at org.junit.runners.model.FrameworkMethod$1.runReflectiveCall(FrameworkMethod.java:50)
	at org.junit.internal.runners.model.ReflectiveCallable.run(ReflectiveCallable.java:12)
	at org.junit.runners.model.FrameworkMethod.invokeExplosively(FrameworkMethod.java:47)
	at org.junit.internal.runners.statements.InvokeMethod.evaluate(InvokeMethod.java:17)
	at org.junit.internal.runners.statements.RunBefores.evaluate(RunBefores.java:26)
	at org.junit.internal.runners.statements.RunAfters.evaluate(RunAfters.java:27)
	at org.junit.runners.ParentRunner.runLeaf(ParentRunner.java:325)
	at org.junit.runners.BlockJUnit4ClassRunner.runChild(BlockJUnit4ClassRunner.java:78)
	at org.junit.runners.BlockJUnit4ClassRunner.runChild(BlockJUnit4ClassRunner.java:57)
	at org.junit.runners.ParentRunner$3.run(ParentRunner.java:290)
	at org.junit.runners.ParentRunner$1.schedule(ParentRunner.java:71)
	at org.junit.runners.ParentRunner.runChildren(ParentRunner.java:288)
	at org.junit.runners.ParentRunner.access$000(ParentRunner.java:58)
	at org.junit.runners.ParentRunner$2.evaluate(ParentRunner.java:268)
	at org.junit.runners.ParentRunner.run(ParentRunner.java:363)
	at org.gradle.api.internal.tasks.testing.junit.JUnitTestClassExecutor.runTestClass(JUnitTestClassExecutor.java:106)
	at org.gradle.api.internal.tasks.testing.junit.JUnitTestClassExecutor.execute(JUnitTestClassExecutor.java:58)
	at org.gradle.api.internal.tasks.testing.junit.JUnitTestClassExecutor.execute(JUnitTestClassExecutor.java:38)
	at org.gradle.api.internal.tasks.testing.junit.AbstractJUnitTestClassProcessor.processTestClass(AbstractJUnitTestClassProcessor.java:66)
	at org.gradle.api.internal.tasks.testing.SuiteTestClassProcessor.processTestClass(SuiteTestClassProcessor.java:51)
	at sun.reflect.NativeMethodAccessorImpl.invoke0(Native Method)
	at sun.reflect.NativeMethodAccessorImpl.invoke(NativeMethodAccessorImpl.java:62)
	at sun.reflect.DelegatingMethodAccessorImpl.invoke(DelegatingMethodAccessorImpl.java:43)
	at java.lang.reflect.Method.invoke(Method.java:498)
	at org.gradle.internal.dispatch.ReflectionDispatch.dispatch(ReflectionDispatch.java:35)
	at org.gradle.internal.dispatch.ReflectionDispatch.dispatch(ReflectionDispatch.java:24)
	at org.gradle.internal.dispatch.ContextClassLoaderDispatch.dispatch(ContextClassLoaderDispatch.java:32)
	at org.gradle.internal.dispatch.ProxyDispatchAdapter$DispatchingInvocationHandler.invoke(ProxyDispatchAdapter.java:93)
	at com.sun.proxy.$Proxy2.processTestClass(Unknown Source)
	at org.gradle.api.internal.tasks.testing.worker.TestWorker.processTestClass(TestWorker.java:117)
	at sun.reflect.NativeMethodAccessorImpl.invoke0(Native Method)
	at sun.reflect.NativeMethodAccessorImpl.invoke(NativeMethodAccessorImpl.java:62)
	at sun.reflect.DelegatingMethodAccessorImpl.invoke(DelegatingMethodAccessorImpl.java:43)
	at java.lang.reflect.Method.invoke(Method.java:498)
	at org.gradle.internal.dispatch.ReflectionDispatch.dispatch(ReflectionDispatch.java:35)
	at org.gradle.internal.dispatch.ReflectionDispatch.dispatch(ReflectionDispatch.java:24)
	at org.gradle.internal.remote.internal.hub.MessageHubBackedObjectConnection$DispatchWrapper.dispatch(MessageHubBackedObjectConnection.java:155)
	at org.gradle.internal.remote.internal.hub.MessageHubBackedObjectConnection$DispatchWrapper.dispatch(MessageHubBackedObjectConnection.java:137)
	at org.gradle.internal.remote.internal.hub.MessageHub$Handler.run(MessageHub.java:404)
	at org.gradle.internal.concurrent.ExecutorPolicy$CatchAndRecordFailures.onExecute(ExecutorPolicy.java:63)
	at org.gradle.internal.concurrent.ManagedExecutorImpl$1.run(ManagedExecutorImpl.java:46)
	at java.util.concurrent.ThreadPoolExecutor.runWorker(ThreadPoolExecutor.java:1149)
	at java.util.concurrent.ThreadPoolExecutor$Worker.run(ThreadPoolExecutor.java:624)
	at org.gradle.internal.concurrent.ThreadFactoryImpl$ManagedThreadRunnable.run(ThreadFactoryImpl.java:55)
	at java.lang.Thread.run(Thread.java:748)
</failure>
  </testcase>
  <testcase name="testInServerThroughUrl" classname="IntegrationTest" time="0.248">
    <failure message="java.lang.AssertionError: &#10;Expected: a string containing &quot;Add Person&quot;&#10;     but: was &quot;&lt;!DOCTYPE html&gt;&#10;&lt;html lang=&quot;en&quot;&gt;&#10;    &lt;head&gt;&#10;        &lt;title&gt;Action Not Found&lt;/title&gt;&#10;        &lt;link rel=&quot;shortcut icon&quot; href=&quot;data:image/png;base64,iVBORw0KGgoAAAANSUhEUgAAABAAAAAQCAYAAAAf8/9hAAAAGXRFWHRTb2Z0d2FyZQBBZG9iZSBJbWFnZVJlYWR5ccllPAAAAlFJREFUeNqUU8tOFEEUPVVdNV3dPe8xYRBnjGhmBgKjKzCIiQvBoIaNbly5Z+PSv3Aj7DSiP2B0rwkLGVdGgxITSCRIJGSMEQWZR3eVt5sEFBgTb/dN1yvnnHtPNTPG4PqdHgCMXnPRSZrpSuH8vUJu4DE4rYHDGAZDX62BZttHqTiIayM3gGiXQsgYLEvATaqxU+dy1U13YXapXptpNHY8iwn8KyIAzm1KBdtRZWErpI5lEWTXp5Z/vHpZ3/wyKKwYGGOdAYwR0EZwoezTYApBEIObyELl/aE1/83cp40Pt5mxqCKrE4Ck+mVWKKcI5tA8BLEhRBKJLjez6a7MLq7XZtp+yyOawwCBtkiBVZDKzRk4NN7NQBMYPHiZDFhXY+p9ff7F961vVcnl4R5I2ykJ5XFN7Ab7Gc61VoipNBKF+PDyztu5lfrSLT/wIwCxq0CAGtXHZTzqR2jtwQiXONma6hHpj9sLT7YaPxfTXuZdBGA02Wi7FS48YiTfj+i2NhqtdhP5RC8mh2/Op7y0v6eAcWVLFT8D7kWX5S9mepp+C450MV6aWL1cGnvkxbwHtLW2B9AOkLeUd9KEDuh9fl/7CEj7YH5g+3r/lWfF9In7tPz6T4IIwBJOr1SJyIGQMZQbsh5P9uBq5VJtqHh2mo49pdw5WFoEwKWqWHacaWOjQXWGcifKo6vj5RGS6zykI587XeUIQDqJSmAp+lE4qt19W5P9o8+Lma5DcjsC8JiT607lMVkdqQ0Vyh3lHhmh52tfNy78ajXv0rgYzv8nfwswANuk+7sD/Q0aAAAAAElFTkSuQmCC&quot;&gt;&#10;        &lt;style&gt;&#10;            html, body, pre {&#10;                margin: 0;&#10;                padding: 0;&#10;                font-family: Monaco, 'Lucida Console', monospace;&#10;                background: #ECECEC;&#10;            }&#10;            h1 {&#10;                margin: 0;&#10;                background: #AD632A;&#10;                padding: 20px 45px;&#10;                color: #fff;&#10;                text-shadow: 1px 1px 1px rgba(0,0,0,.3);&#10;                border-bottom: 1px solid #9F5805;&#10;                font-size: 28px;&#10;            }&#10;            p#detail {&#10;                margin: 0;&#10;                padding: 15px 45px;&#10;                background: #F6A960;&#10;                border-top: 4px solid #D29052;&#10;                color: #733512;&#10;                text-shadow: 1px 1px 1px rgba(255,255,255,.3);&#10;                font-size: 14px;&#10;                border-bottom: 1px solid #BA7F5B;&#10;            }&#10;            h2 {&#10;                margin: 0;&#10;                padding: 5px 45px;&#10;                font-size: 12px;&#10;                background: #333;&#10;                color: #fff;&#10;                text-shadow: 1px 1px 1px rgba(0,0,0,.3);&#10;                border-top: 4px solid #2a2a2a;&#10;            }&#10;            pre {&#10;                margin: 0;&#10;                border-bottom: 1px solid #DDD;&#10;                text-shadow: 1px 1px 1px rgba(255,255,255,.5);&#10;                position: relative;&#10;                font-size: 12px;&#10;            }&#10;            pre span.line {&#10;                text-align: right;&#10;                display: inline-block;&#10;                padding: 5px 5px;&#10;                width: 30px;&#10;                background: #D6D6D6;&#10;                color: #8B8B8B;&#10;                text-shadow: 1px 1px 1px rgba(255,255,255,.5);&#10;                font-weight: bold;&#10;            }&#10;            pre span.route {&#10;                padding: 5px 5px;&#10;                position: absolute;&#10;                right: 0;&#10;                left: 40px;&#10;            }&#10;            pre span.route span.verb {&#10;                display: inline-block;&#10;                width: 5%;&#10;                min-width: 50px;&#10;                overflow: hidden;&#10;                margin-right: 10px;&#10;            }&#10;            pre span.route span.path {&#10;                display: inline-block;&#10;                width: 30%;&#10;                min-width: 200px;&#10;                overflow: hidden;&#10;                margin-right: 10px;&#10;            }&#10;            pre span.route span.call {&#10;                display: inline-block;&#10;                width: 50%;&#10;                overflow: hidden;&#10;                margin-right: 10px;&#10;            }&#10;            pre:first-child span.route {&#10;                border-top: 4px solid #CDCDCD;&#10;            }&#10;            pre:first-child span.line {&#10;                border-top: 4px solid #B6B6B6;&#10;            }&#10;            pre.error span.line {&#10;                background: #A31012;&#10;                color: #fff;&#10;                text-shadow: 1px 1px 1px rgba(0,0,0,.3);&#10;            }&#10;        &lt;/style&gt;&#10;    &lt;/head&gt;&#10;    &lt;body&gt;&#10;        &lt;h1&gt;Action Not Found&lt;/h1&gt;&#10;&#10;        &lt;p id=&quot;detail&quot;&gt;&#10;            For request 'GET /'&#10;        &lt;/p&gt;&#10;&#10;        &#10;&#10;                &lt;h2&gt;&#10;                    These routes have been tried, in this order:&#10;                &lt;/h2&gt;&#10;&#10;                &lt;div&gt;&#10;                    &#10;                        &lt;pre&gt;&lt;span class=&quot;line&quot;&gt;1&lt;/span&gt;&lt;span class=&quot;route&quot;&gt;&lt;span class=&quot;verb&quot;&gt;POST&lt;/span&gt;&lt;span class=&quot;path&quot;&gt;/person&lt;/span&gt;&lt;span class=&quot;call&quot;&gt;controllers.PersonController.addPerson()&lt;/span&gt;&lt;/span&gt;&lt;/pre&gt;&#10;                    &#10;                        &lt;pre&gt;&lt;span class=&quot;line&quot;&gt;2&lt;/span&gt;&lt;span class=&quot;route&quot;&gt;&lt;span class=&quot;verb&quot;&gt;GET&lt;/span&gt;&lt;span class=&quot;path&quot;&gt;/persons&lt;/span&gt;&lt;span class=&quot;call&quot;&gt;controllers.PersonController.getPersons()&lt;/span&gt;&lt;/span&gt;&lt;/pre&gt;&#10;                    &#10;                        &lt;pre&gt;&lt;span class=&quot;line&quot;&gt;3&lt;/span&gt;&lt;span class=&quot;route&quot;&gt;&lt;span class=&quot;verb&quot;&gt;POST&lt;/span&gt;&lt;span class=&quot;path&quot;&gt;/login&lt;/span&gt;&lt;span class=&quot;call&quot;&gt;controllers.PersonController.login()&lt;/span&gt;&lt;/span&gt;&lt;/pre&gt;&#10;                    &#10;                        &lt;pre&gt;&lt;span class=&quot;line&quot;&gt;4&lt;/span&gt;&lt;span class=&quot;route&quot;&gt;&lt;span class=&quot;verb&quot;&gt;DELETE&lt;/span&gt;&lt;span class=&quot;path&quot;&gt;/delperson&lt;/span&gt;&lt;span class=&quot;call&quot;&gt;controllers.PersonController.deletePerson()&lt;/span&gt;&lt;/span&gt;&lt;/pre&gt;&#10;                    &#10;                        &lt;pre&gt;&lt;span class=&quot;line&quot;&gt;5&lt;/span&gt;&lt;span class=&quot;route&quot;&gt;&lt;span class=&quot;verb&quot;&gt;POST&lt;/span&gt;&lt;span class=&quot;path&quot;&gt;/action&lt;/span&gt;&lt;span class=&quot;call&quot;&gt;controllers.ActionController.addAction()&lt;/span&gt;&lt;/span&gt;&lt;/pre&gt;&#10;                    &#10;                        &lt;pre&gt;&lt;span class=&quot;line&quot;&gt;6&lt;/span&gt;&lt;span class=&quot;route&quot;&gt;&lt;span class=&quot;verb&quot;&gt;GET&lt;/span&gt;&lt;span class=&quot;path&quot;&gt;/actionprofile/$email&amp;lt;[^/]+&amp;gt;&lt;/span&gt;&lt;span class=&quot;call&quot;&gt;controllers.ActionController.getUserAction(email:String)&lt;/span&gt;&lt;/span&gt;&lt;/pre&gt;&#10;                    &#10;                        &lt;pre&gt;&lt;span class=&quot;line&quot;&gt;7&lt;/span&gt;&lt;span class=&quot;route&quot;&gt;&lt;span class=&quot;verb&quot;&gt;GET&lt;/span&gt;&lt;span class=&quot;path&quot;&gt;/actions&lt;/span&gt;&lt;span class=&quot;call&quot;&gt;controllers.ActionController.getActions()&lt;/span&gt;&lt;/span&gt;&lt;/pre&gt;&#10;                    &#10;                        &lt;pre&gt;&lt;span class=&quot;line&quot;&gt;8&lt;/span&gt;&lt;span class=&quot;route&quot;&gt;&lt;span class=&quot;verb&quot;&gt;GET&lt;/span&gt;&lt;span class=&quot;path&quot;&gt;/actionsf/$filter&amp;lt;[^/]+&amp;gt;&lt;/span&gt;&lt;span class=&quot;call&quot;&gt;controllers.ActionController.getActionsFilter(filter:String)&lt;/span&gt;&lt;/span&gt;&lt;/pre&gt;&#10;                    &#10;                        &lt;pre&gt;&lt;span class=&quot;line&quot;&gt;9&lt;/span&gt;&lt;span class=&quot;route&quot;&gt;&lt;span class=&quot;verb&quot;&gt;DELETE&lt;/span&gt;&lt;span class=&quot;path&quot;&gt;/delaction&lt;/span&gt;&lt;span class=&quot;call&quot;&gt;controllers.ActionController.deleteAction()&lt;/span&gt;&lt;/span&gt;&lt;/pre&gt;&#10;                    &#10;                        &lt;pre&gt;&lt;span class=&quot;line&quot;&gt;10&lt;/span&gt;&lt;span class=&quot;route&quot;&gt;&lt;span class=&quot;verb&quot;&gt;GET&lt;/span&gt;&lt;span class=&quot;path&quot;&gt;/assets/$file&amp;lt;.+&amp;gt;&lt;/span&gt;&lt;span class=&quot;call&quot;&gt;controllers.Assets.at(path:String = &amp;quot;/public&amp;quot;, file:String)&lt;/span&gt;&lt;/span&gt;&lt;/pre&gt;&#10;                    &#10;                &lt;/div&gt;&#10;&#10;            &#10;&#10;    &lt;/body&gt;&#10;&lt;/html&gt;&#10;&quot;" type="java.lang.AssertionError">java.lang.AssertionError: 
Expected: a string containing &quot;Add Person&quot;
     but: was &quot;&lt;!DOCTYPE html&gt;
&lt;html lang=&quot;en&quot;&gt;
    &lt;head&gt;
        &lt;title&gt;Action Not Found&lt;/title&gt;
        &lt;link rel=&quot;shortcut icon&quot; href=&quot;data:image/png;base64,iVBORw0KGgoAAAANSUhEUgAAABAAAAAQCAYAAAAf8/9hAAAAGXRFWHRTb2Z0d2FyZQBBZG9iZSBJbWFnZVJlYWR5ccllPAAAAlFJREFUeNqUU8tOFEEUPVVdNV3dPe8xYRBnjGhmBgKjKzCIiQvBoIaNbly5Z+PSv3Aj7DSiP2B0rwkLGVdGgxITSCRIJGSMEQWZR3eVt5sEFBgTb/dN1yvnnHtPNTPG4PqdHgCMXnPRSZrpSuH8vUJu4DE4rYHDGAZDX62BZttHqTiIayM3gGiXQsgYLEvATaqxU+dy1U13YXapXptpNHY8iwn8KyIAzm1KBdtRZWErpI5lEWTXp5Z/vHpZ3/wyKKwYGGOdAYwR0EZwoezTYApBEIObyELl/aE1/83cp40Pt5mxqCKrE4Ck+mVWKKcI5tA8BLEhRBKJLjez6a7MLq7XZtp+yyOawwCBtkiBVZDKzRk4NN7NQBMYPHiZDFhXY+p9ff7F961vVcnl4R5I2ykJ5XFN7Ab7Gc61VoipNBKF+PDyztu5lfrSLT/wIwCxq0CAGtXHZTzqR2jtwQiXONma6hHpj9sLT7YaPxfTXuZdBGA02Wi7FS48YiTfj+i2NhqtdhP5RC8mh2/Op7y0v6eAcWVLFT8D7kWX5S9mepp+C450MV6aWL1cGnvkxbwHtLW2B9AOkLeUd9KEDuh9fl/7CEj7YH5g+3r/lWfF9In7tPz6T4IIwBJOr1SJyIGQMZQbsh5P9uBq5VJtqHh2mo49pdw5WFoEwKWqWHacaWOjQXWGcifKo6vj5RGS6zykI587XeUIQDqJSmAp+lE4qt19W5P9o8+Lma5DcjsC8JiT607lMVkdqQ0Vyh3lHhmh52tfNy78ajXv0rgYzv8nfwswANuk+7sD/Q0aAAAAAElFTkSuQmCC&quot;&gt;
        &lt;style&gt;
            html, body, pre {
                margin: 0;
                padding: 0;
                font-family: Monaco, 'Lucida Console', monospace;
                background: #ECECEC;
            }
            h1 {
                margin: 0;
                background: #AD632A;
                padding: 20px 45px;
                color: #fff;
                text-shadow: 1px 1px 1px rgba(0,0,0,.3);
                border-bottom: 1px solid #9F5805;
                font-size: 28px;
            }
            p#detail {
                margin: 0;
                padding: 15px 45px;
                background: #F6A960;
                border-top: 4px solid #D29052;
                color: #733512;
                text-shadow: 1px 1px 1px rgba(255,255,255,.3);
                font-size: 14px;
                border-bottom: 1px solid #BA7F5B;
            }
            h2 {
                margin: 0;
                padding: 5px 45px;
                font-size: 12px;
                background: #333;
                color: #fff;
                text-shadow: 1px 1px 1px rgba(0,0,0,.3);
                border-top: 4px solid #2a2a2a;
            }
            pre {
                margin: 0;
                border-bottom: 1px solid #DDD;
                text-shadow: 1px 1px 1px rgba(255,255,255,.5);
                position: relative;
                font-size: 12px;
            }
            pre span.line {
                text-align: right;
                display: inline-block;
                padding: 5px 5px;
                width: 30px;
                background: #D6D6D6;
                color: #8B8B8B;
                text-shadow: 1px 1px 1px rgba(255,255,255,.5);
                font-weight: bold;
            }
            pre span.route {
                padding: 5px 5px;
                position: absolute;
                right: 0;
                left: 40px;
            }
            pre span.route span.verb {
                display: inline-block;
                width: 5%;
                min-width: 50px;
                overflow: hidden;
                margin-right: 10px;
            }
            pre span.route span.path {
                display: inline-block;
                width: 30%;
                min-width: 200px;
                overflow: hidden;
                margin-right: 10px;
            }
            pre span.route span.call {
                display: inline-block;
                width: 50%;
                overflow: hidden;
                margin-right: 10px;
            }
            pre:first-child span.route {
                border-top: 4px solid #CDCDCD;
            }
            pre:first-child span.line {
                border-top: 4px solid #B6B6B6;
            }
            pre.error span.line {
                background: #A31012;
                color: #fff;
                text-shadow: 1px 1px 1px rgba(0,0,0,.3);
            }
        &lt;/style&gt;
    &lt;/head&gt;
    &lt;body&gt;
        &lt;h1&gt;Action Not Found&lt;/h1&gt;

        &lt;p id=&quot;detail&quot;&gt;
            For request 'GET /'
        &lt;/p&gt;

        

                &lt;h2&gt;
                    These routes have been tried, in this order:
                &lt;/h2&gt;

                &lt;div&gt;
                    
                        &lt;pre&gt;&lt;span class=&quot;line&quot;&gt;1&lt;/span&gt;&lt;span class=&quot;route&quot;&gt;&lt;span class=&quot;verb&quot;&gt;POST&lt;/span&gt;&lt;span class=&quot;path&quot;&gt;/person&lt;/span&gt;&lt;span class=&quot;call&quot;&gt;controllers.PersonController.addPerson()&lt;/span&gt;&lt;/span&gt;&lt;/pre&gt;
                    
                        &lt;pre&gt;&lt;span class=&quot;line&quot;&gt;2&lt;/span&gt;&lt;span class=&quot;route&quot;&gt;&lt;span class=&quot;verb&quot;&gt;GET&lt;/span&gt;&lt;span class=&quot;path&quot;&gt;/persons&lt;/span&gt;&lt;span class=&quot;call&quot;&gt;controllers.PersonController.getPersons()&lt;/span&gt;&lt;/span&gt;&lt;/pre&gt;
                    
                        &lt;pre&gt;&lt;span class=&quot;line&quot;&gt;3&lt;/span&gt;&lt;span class=&quot;route&quot;&gt;&lt;span class=&quot;verb&quot;&gt;POST&lt;/span&gt;&lt;span class=&quot;path&quot;&gt;/login&lt;/span&gt;&lt;span class=&quot;call&quot;&gt;controllers.PersonController.login()&lt;/span&gt;&lt;/span&gt;&lt;/pre&gt;
                    
                        &lt;pre&gt;&lt;span class=&quot;line&quot;&gt;4&lt;/span&gt;&lt;span class=&quot;route&quot;&gt;&lt;span class=&quot;verb&quot;&gt;DELETE&lt;/span&gt;&lt;span class=&quot;path&quot;&gt;/delperson&lt;/span&gt;&lt;span class=&quot;call&quot;&gt;controllers.PersonController.deletePerson()&lt;/span&gt;&lt;/span&gt;&lt;/pre&gt;
                    
                        &lt;pre&gt;&lt;span class=&quot;line&quot;&gt;5&lt;/span&gt;&lt;span class=&quot;route&quot;&gt;&lt;span class=&quot;verb&quot;&gt;POST&lt;/span&gt;&lt;span class=&quot;path&quot;&gt;/action&lt;/span&gt;&lt;span class=&quot;call&quot;&gt;controllers.ActionController.addAction()&lt;/span&gt;&lt;/span&gt;&lt;/pre&gt;
                    
                        &lt;pre&gt;&lt;span class=&quot;line&quot;&gt;6&lt;/span&gt;&lt;span class=&quot;route&quot;&gt;&lt;span class=&quot;verb&quot;&gt;GET&lt;/span&gt;&lt;span class=&quot;path&quot;&gt;/actionprofile/$email&amp;lt;[^/]+&amp;gt;&lt;/span&gt;&lt;span class=&quot;call&quot;&gt;controllers.ActionController.getUserAction(email:String)&lt;/span&gt;&lt;/span&gt;&lt;/pre&gt;
                    
                        &lt;pre&gt;&lt;span class=&quot;line&quot;&gt;7&lt;/span&gt;&lt;span class=&quot;route&quot;&gt;&lt;span class=&quot;verb&quot;&gt;GET&lt;/span&gt;&lt;span class=&quot;path&quot;&gt;/actions&lt;/span&gt;&lt;span class=&quot;call&quot;&gt;controllers.ActionController.getActions()&lt;/span&gt;&lt;/span&gt;&lt;/pre&gt;
                    
                        &lt;pre&gt;&lt;span class=&quot;line&quot;&gt;8&lt;/span&gt;&lt;span class=&quot;route&quot;&gt;&lt;span class=&quot;verb&quot;&gt;GET&lt;/span&gt;&lt;span class=&quot;path&quot;&gt;/actionsf/$filter&amp;lt;[^/]+&amp;gt;&lt;/span&gt;&lt;span class=&quot;call&quot;&gt;controllers.ActionController.getActionsFilter(filter:String)&lt;/span&gt;&lt;/span&gt;&lt;/pre&gt;
                    
                        &lt;pre&gt;&lt;span class=&quot;line&quot;&gt;9&lt;/span&gt;&lt;span class=&quot;route&quot;&gt;&lt;span class=&quot;verb&quot;&gt;DELETE&lt;/span&gt;&lt;span class=&quot;path&quot;&gt;/delaction&lt;/span&gt;&lt;span class=&quot;call&quot;&gt;controllers.ActionController.deleteAction()&lt;/span&gt;&lt;/span&gt;&lt;/pre&gt;
                    
                        &lt;pre&gt;&lt;span class=&quot;line&quot;&gt;10&lt;/span&gt;&lt;span class=&quot;route&quot;&gt;&lt;span class=&quot;verb&quot;&gt;GET&lt;/span&gt;&lt;span class=&quot;path&quot;&gt;/assets/$file&amp;lt;.+&amp;gt;&lt;/span&gt;&lt;span class=&quot;call&quot;&gt;controllers.Assets.at(path:String = &amp;quot;/public&amp;quot;, file:String)&lt;/span&gt;&lt;/span&gt;&lt;/pre&gt;
                    
                &lt;/div&gt;

            

    &lt;/body&gt;
&lt;/html&gt;
&quot;
	at org.hamcrest.MatcherAssert.assertThat(MatcherAssert.java:20)
	at org.hamcrest.MatcherAssert.assertThat(MatcherAssert.java:8)
	at IntegrationTest.testInServerThroughUrl(IntegrationTest.java:30)
	at sun.reflect.NativeMethodAccessorImpl.invoke0(Native Method)
	at sun.reflect.NativeMethodAccessorImpl.invoke(NativeMethodAccessorImpl.java:62)
	at sun.reflect.DelegatingMethodAccessorImpl.invoke(DelegatingMethodAccessorImpl.java:43)
	at java.lang.reflect.Method.invoke(Method.java:498)
	at org.junit.runners.model.FrameworkMethod$1.runReflectiveCall(FrameworkMethod.java:50)
	at org.junit.internal.runners.model.ReflectiveCallable.run(ReflectiveCallable.java:12)
	at org.junit.runners.model.FrameworkMethod.invokeExplosively(FrameworkMethod.java:47)
	at org.junit.internal.runners.statements.InvokeMethod.evaluate(InvokeMethod.java:17)
	at org.junit.internal.runners.statements.RunBefores.evaluate(RunBefores.java:26)
	at org.junit.internal.runners.statements.RunAfters.evaluate(RunAfters.java:27)
	at org.junit.runners.ParentRunner.runLeaf(ParentRunner.java:325)
	at org.junit.runners.BlockJUnit4ClassRunner.runChild(BlockJUnit4ClassRunner.java:78)
	at org.junit.runners.BlockJUnit4ClassRunner.runChild(BlockJUnit4ClassRunner.java:57)
	at org.junit.runners.ParentRunner$3.run(ParentRunner.java:290)
	at org.junit.runners.ParentRunner$1.schedule(ParentRunner.java:71)
	at org.junit.runners.ParentRunner.runChildren(ParentRunner.java:288)
	at org.junit.runners.ParentRunner.access$000(ParentRunner.java:58)
	at org.junit.runners.ParentRunner$2.evaluate(ParentRunner.java:268)
	at org.junit.runners.ParentRunner.run(ParentRunner.java:363)
	at org.gradle.api.internal.tasks.testing.junit.JUnitTestClassExecutor.runTestClass(JUnitTestClassExecutor.java:106)
	at org.gradle.api.internal.tasks.testing.junit.JUnitTestClassExecutor.execute(JUnitTestClassExecutor.java:58)
	at org.gradle.api.internal.tasks.testing.junit.JUnitTestClassExecutor.execute(JUnitTestClassExecutor.java:38)
	at org.gradle.api.internal.tasks.testing.junit.AbstractJUnitTestClassProcessor.processTestClass(AbstractJUnitTestClassProcessor.java:66)
	at org.gradle.api.internal.tasks.testing.SuiteTestClassProcessor.processTestClass(SuiteTestClassProcessor.java:51)
	at sun.reflect.NativeMethodAccessorImpl.invoke0(Native Method)
	at sun.reflect.NativeMethodAccessorImpl.invoke(NativeMethodAccessorImpl.java:62)
	at sun.reflect.DelegatingMethodAccessorImpl.invoke(DelegatingMethodAccessorImpl.java:43)
	at java.lang.reflect.Method.invoke(Method.java:498)
	at org.gradle.internal.dispatch.ReflectionDispatch.dispatch(ReflectionDispatch.java:35)
	at org.gradle.internal.dispatch.ReflectionDispatch.dispatch(ReflectionDispatch.java:24)
	at org.gradle.internal.dispatch.ContextClassLoaderDispatch.dispatch(ContextClassLoaderDispatch.java:32)
	at org.gradle.internal.dispatch.ProxyDispatchAdapter$DispatchingInvocationHandler.invoke(ProxyDispatchAdapter.java:93)
	at com.sun.proxy.$Proxy2.processTestClass(Unknown Source)
	at org.gradle.api.internal.tasks.testing.worker.TestWorker.processTestClass(TestWorker.java:117)
	at sun.reflect.NativeMethodAccessorImpl.invoke0(Native Method)
	at sun.reflect.NativeMethodAccessorImpl.invoke(NativeMethodAccessorImpl.java:62)
	at sun.reflect.DelegatingMethodAccessorImpl.invoke(DelegatingMethodAccessorImpl.java:43)
	at java.lang.reflect.Method.invoke(Method.java:498)
	at org.gradle.internal.dispatch.ReflectionDispatch.dispatch(ReflectionDispatch.java:35)
	at org.gradle.internal.dispatch.ReflectionDispatch.dispatch(ReflectionDispatch.java:24)
	at org.gradle.internal.remote.internal.hub.MessageHubBackedObjectConnection$DispatchWrapper.dispatch(MessageHubBackedObjectConnection.java:155)
	at org.gradle.internal.remote.internal.hub.MessageHubBackedObjectConnection$DispatchWrapper.dispatch(MessageHubBackedObjectConnection.java:137)
	at org.gradle.internal.remote.internal.hub.MessageHub$Handler.run(MessageHub.java:404)
	at org.gradle.internal.concurrent.ExecutorPolicy$CatchAndRecordFailures.onExecute(ExecutorPolicy.java:63)
	at org.gradle.internal.concurrent.ManagedExecutorImpl$1.run(ManagedExecutorImpl.java:46)
	at java.util.concurrent.ThreadPoolExecutor.runWorker(ThreadPoolExecutor.java:1149)
	at java.util.concurrent.ThreadPoolExecutor$Worker.run(ThreadPoolExecutor.java:624)
	at org.gradle.internal.concurrent.ThreadFactoryImpl$ManagedThreadRunnable.run(ThreadFactoryImpl.java:55)
	at java.lang.Thread.run(Thread.java:748)
</failure>
  </testcase>
  <system-out><![CDATA[[?[33mwarn?[0m] application - application.conf @ jar:file:/Users/macadmin/Downloads/play-java-jpa-exampledb/build/playBinary/lib/play-java-jpa-exampledb.jar!/application.conf: 9: user is deprecated, use username instead
[?[37minfo?[0m] application - Creating Pool for datasource 'default'
[?[33mwarn?[0m] c.z.h.u.DriverDataSource - Registered driver with driverClassName=com.mysql.jdbc.Driver was not found, trying direct instantiation.
[?[37minfo?[0m] p.a.d.HikariCPConnectionPool - datasource [default] bound to JNDI as DefaultDS
[?[33mwarn?[0m] o.h.v.m.ParameterMessageInterpolator - HV000184: ParameterMessageInterpolator has been chosen, EL interpolation will not be supported
[?[37minfo?[0m] application - Shutting down connection pool.
[?[33mwarn?[0m] application - application.conf @ jar:file:/Users/macadmin/Downloads/play-java-jpa-exampledb/build/playBinary/lib/play-java-jpa-exampledb.jar!/application.conf: 9: user is deprecated, use username instead
[?[37minfo?[0m] application - Creating Pool for datasource 'default'
[?[33mwarn?[0m] c.z.h.u.DriverDataSource - Registered driver with driverClassName=com.mysql.jdbc.Driver was not found, trying direct instantiation.
[?[37minfo?[0m] p.a.d.HikariCPConnectionPool - datasource [default] bound to JNDI as DefaultDS
[?[33mwarn?[0m] o.h.v.m.ParameterMessageInterpolator - HV000184: ParameterMessageInterpolator has been chosen, EL interpolation will not be supported
[?[37minfo?[0m] application - Shutting down connection pool.
[?[33mwarn?[0m] application - application.conf @ jar:file:/Users/macadmin/Downloads/play-java-jpa-exampledb/build/playBinary/lib/play-java-jpa-exampledb.jar!/application.conf: 9: user is deprecated, use username instead
[?[37minfo?[0m] application - Creating Pool for datasource 'default'
[?[33mwarn?[0m] c.z.h.u.DriverDataSource - Registered driver with driverClassName=com.mysql.jdbc.Driver was not found, trying direct instantiation.
[?[37minfo?[0m] p.a.d.HikariCPConnectionPool - datasource [default] bound to JNDI as DefaultDS
[?[33mwarn?[0m] o.h.v.m.ParameterMessageInterpolator - HV000184: ParameterMessageInterpolator has been chosen, EL interpolation will not be supported
[?[37minfo?[0m] application - Shutting down connection pool.
[?[33mwarn?[0m] application - application.conf @ jar:file:/Users/macadmin/Downloads/play-java-jpa-exampledb/build/playBinary/lib/play-java-jpa-exampledb.jar!/application.conf: 9: user is deprecated, use username instead
[?[37minfo?[0m] application - Creating Pool for datasource 'default'
[?[33mwarn?[0m] c.z.h.u.DriverDataSource - Registered driver with driverClassName=com.mysql.jdbc.Driver was not found, trying direct instantiation.
[?[37minfo?[0m] p.a.d.HikariCPConnectionPool - datasource [default] bound to JNDI as DefaultDS
[?[33mwarn?[0m] o.h.v.m.ParameterMessageInterpolator - HV000184: ParameterMessageInterpolator has been chosen, EL interpolation will not be supported
[?[37minfo?[0m] application - Shutting down connection pool.
]]></system-out>
  <system-err><![CDATA[Loading class `com.mysql.jdbc.Driver'. This is deprecated. The new driver class is `com.mysql.cj.jdbc.Driver'. The driver is automatically registered via the SPI and manual loading of the driver class is generally unnecessary.
]]></system-err>
</testsuite>
